--------------------------------------------------------------------------------
Release 14.7 Trace  (nt64)
Copyright (c) 1995-2013 Xilinx, Inc.  All rights reserved.

C:\Xilinx\14.7\ISE_DS\ISE\bin\nt64\unwrapped\trce.exe -intstyle ise -o
mojo_top_0.twr -v 30 -l 30 mojo_top_0_routed.ncd mojo_top_0.pcf

Design file:              mojo_top_0_routed.ncd
Physical constraint file: mojo_top_0.pcf
Device,package,speed:     xc6slx9,tqg144,C,-2 (PRODUCTION 1.23 2013-10-13)
Report level:             verbose report, limited to 30 items per constraint

Environment Variable      Effect 
--------------------      ------ 
NONE                      No environment variables were set
--------------------------------------------------------------------------------

INFO:Timing:3412 - To improve timing, see the Timing Closure User Guide (UG612).
INFO:Timing:2752 - To get complete path coverage, use the unconstrained paths 
   option. All paths that are not constrained will be reported in the 
   unconstrained paths section(s) of the report.
INFO:Timing:3339 - The clock-to-out numbers in this timing report are based on 
   a 50 Ohm transmission line loading model.  For the details of this model, 
   and for more information on accounting for different loading conditions, 
   please see the device datasheet.

================================================================================
Timing constraint: TS_clk = PERIOD TIMEGRP "clk" 50 MHz HIGH 50%;
For more information, see Period Analysis in the Timing Closure User Guide (UG612).

 516 paths analyzed, 93 endpoints analyzed, 0 failing endpoints
 0 timing errors detected. (0 setup errors, 0 hold errors, 0 component switching limit errors)
 Minimum period is   3.600ns.
--------------------------------------------------------------------------------
Slack:                  16.400ns (requirement - (data path - clock path skew + uncertainty))
  Source:               multi_led/ctr/M_ctr_q_1 (FF)
  Destination:          multi_led/ctr/M_ctr_q_16 (FF)
  Requirement:          20.000ns
  Data Path Delay:      3.552ns (Levels of Logic = 6)
  Clock Path Skew:      -0.013ns (0.186 - 0.199)
  Source Clock:         clk_BUFGP rising at 0.000ns
  Destination Clock:    clk_BUFGP rising at 20.000ns
  Clock Uncertainty:    0.035ns

  Clock Uncertainty:          0.035ns  ((TSJ^2 + TIJ^2)^1/2 + DJ) / 2 + PE
    Total System Jitter (TSJ):  0.070ns
    Total Input Jitter (TIJ):   0.000ns
    Discrete Jitter (DJ):       0.000ns
    Phase Error (PE):           0.000ns

  Maximum Data Path at Slow Process Corner: multi_led/ctr/M_ctr_q_1 to multi_led/ctr/M_ctr_q_16
    Location             Delay type         Delay(ns)  Physical Resource
                                                       Logical Resource(s)
    -------------------------------------------------  -------------------
    SLICE_X3Y37.BQ       Tcko                  0.430   multi_led/ctr/M_ctr_q[2]
                                                       multi_led/ctr/M_ctr_q_1
    SLICE_X2Y37.B1       net (fanout=2)        0.737   multi_led/ctr/M_ctr_q[1]
    SLICE_X2Y37.COUT     Topcyb                0.448   multi_led/ctr/Mcount_M_ctr_q_cy[3]
                                                       multi_led/ctr/M_ctr_q[1]_rt
                                                       multi_led/ctr/Mcount_M_ctr_q_cy<3>
    SLICE_X2Y38.CIN      net (fanout=1)        0.003   multi_led/ctr/Mcount_M_ctr_q_cy[3]
    SLICE_X2Y38.COUT     Tbyp                  0.091   multi_led/ctr/Mcount_M_ctr_q_cy[7]
                                                       multi_led/ctr/Mcount_M_ctr_q_cy<7>
    SLICE_X2Y39.CIN      net (fanout=1)        0.003   multi_led/ctr/Mcount_M_ctr_q_cy[7]
    SLICE_X2Y39.COUT     Tbyp                  0.091   multi_led/ctr/Mcount_M_ctr_q_cy[11]
                                                       multi_led/ctr/Mcount_M_ctr_q_cy<11>
    SLICE_X2Y40.CIN      net (fanout=1)        0.082   multi_led/ctr/Mcount_M_ctr_q_cy[11]
    SLICE_X2Y40.COUT     Tbyp                  0.091   multi_led/ctr/Mcount_M_ctr_q_cy[15]
                                                       multi_led/ctr/Mcount_M_ctr_q_cy<15>
    SLICE_X2Y41.CIN      net (fanout=1)        0.003   multi_led/ctr/Mcount_M_ctr_q_cy[15]
    SLICE_X2Y41.AMUX     Tcina                 0.210   multi_led/ctr/Result[17]
                                                       multi_led/ctr/Mcount_M_ctr_q_xor<17>
    SLICE_X3Y38.A2       net (fanout=1)        0.990   multi_led/ctr/Result[16]
    SLICE_X3Y38.CLK      Tas                   0.373   multi_led/ctr/M_ctr_q[15]
                                                       multi_led/ctr/M_ctr_q_16_rstpot
                                                       multi_led/ctr/M_ctr_q_16
    -------------------------------------------------  ---------------------------
    Total                                      3.552ns (1.734ns logic, 1.818ns route)
                                                       (48.8% logic, 51.2% route)

--------------------------------------------------------------------------------
Slack:                  16.401ns (requirement - (data path - clock path skew + uncertainty))
  Source:               multi_led/ctr/M_ctr_q_0 (FF)
  Destination:          multi_led/ctr/M_ctr_q_16 (FF)
  Requirement:          20.000ns
  Data Path Delay:      3.551ns (Levels of Logic = 6)
  Clock Path Skew:      -0.013ns (0.186 - 0.199)
  Source Clock:         clk_BUFGP rising at 0.000ns
  Destination Clock:    clk_BUFGP rising at 20.000ns
  Clock Uncertainty:    0.035ns

  Clock Uncertainty:          0.035ns  ((TSJ^2 + TIJ^2)^1/2 + DJ) / 2 + PE
    Total System Jitter (TSJ):  0.070ns
    Total Input Jitter (TIJ):   0.000ns
    Discrete Jitter (DJ):       0.000ns
    Phase Error (PE):           0.000ns

  Maximum Data Path at Slow Process Corner: multi_led/ctr/M_ctr_q_0 to multi_led/ctr/M_ctr_q_16
    Location             Delay type         Delay(ns)  Physical Resource
                                                       Logical Resource(s)
    -------------------------------------------------  -------------------
    SLICE_X3Y37.AQ       Tcko                  0.430   multi_led/ctr/M_ctr_q[2]
                                                       multi_led/ctr/M_ctr_q_0
    SLICE_X2Y37.A2       net (fanout=2)        0.712   multi_led/ctr/M_ctr_q[0]
    SLICE_X2Y37.COUT     Topcya                0.472   multi_led/ctr/Mcount_M_ctr_q_cy[3]
                                                       multi_led/ctr/Mcount_M_ctr_q_lut<0>_INV_0
                                                       multi_led/ctr/Mcount_M_ctr_q_cy<3>
    SLICE_X2Y38.CIN      net (fanout=1)        0.003   multi_led/ctr/Mcount_M_ctr_q_cy[3]
    SLICE_X2Y38.COUT     Tbyp                  0.091   multi_led/ctr/Mcount_M_ctr_q_cy[7]
                                                       multi_led/ctr/Mcount_M_ctr_q_cy<7>
    SLICE_X2Y39.CIN      net (fanout=1)        0.003   multi_led/ctr/Mcount_M_ctr_q_cy[7]
    SLICE_X2Y39.COUT     Tbyp                  0.091   multi_led/ctr/Mcount_M_ctr_q_cy[11]
                                                       multi_led/ctr/Mcount_M_ctr_q_cy<11>
    SLICE_X2Y40.CIN      net (fanout=1)        0.082   multi_led/ctr/Mcount_M_ctr_q_cy[11]
    SLICE_X2Y40.COUT     Tbyp                  0.091   multi_led/ctr/Mcount_M_ctr_q_cy[15]
                                                       multi_led/ctr/Mcount_M_ctr_q_cy<15>
    SLICE_X2Y41.CIN      net (fanout=1)        0.003   multi_led/ctr/Mcount_M_ctr_q_cy[15]
    SLICE_X2Y41.AMUX     Tcina                 0.210   multi_led/ctr/Result[17]
                                                       multi_led/ctr/Mcount_M_ctr_q_xor<17>
    SLICE_X3Y38.A2       net (fanout=1)        0.990   multi_led/ctr/Result[16]
    SLICE_X3Y38.CLK      Tas                   0.373   multi_led/ctr/M_ctr_q[15]
                                                       multi_led/ctr/M_ctr_q_16_rstpot
                                                       multi_led/ctr/M_ctr_q_16
    -------------------------------------------------  ---------------------------
    Total                                      3.551ns (1.758ns logic, 1.793ns route)
                                                       (49.5% logic, 50.5% route)

--------------------------------------------------------------------------------
Slack:                  16.435ns (requirement - (data path - clock path skew + uncertainty))
  Source:               multi_led/ctr/M_ctr_q_4 (FF)
  Destination:          multi_led/ctr/M_ctr_q_16 (FF)
  Requirement:          20.000ns
  Data Path Delay:      3.514ns (Levels of Logic = 5)
  Clock Path Skew:      -0.016ns (0.186 - 0.202)
  Source Clock:         clk_BUFGP rising at 0.000ns
  Destination Clock:    clk_BUFGP rising at 20.000ns
  Clock Uncertainty:    0.035ns

  Clock Uncertainty:          0.035ns  ((TSJ^2 + TIJ^2)^1/2 + DJ) / 2 + PE
    Total System Jitter (TSJ):  0.070ns
    Total Input Jitter (TIJ):   0.000ns
    Discrete Jitter (DJ):       0.000ns
    Phase Error (PE):           0.000ns

  Maximum Data Path at Slow Process Corner: multi_led/ctr/M_ctr_q_4 to multi_led/ctr/M_ctr_q_16
    Location             Delay type         Delay(ns)  Physical Resource
                                                       Logical Resource(s)
    -------------------------------------------------  -------------------
    SLICE_X2Y36.BQ       Tcko                  0.476   multi_led/ctr/M_ctr_q[6]
                                                       multi_led/ctr/M_ctr_q_4
    SLICE_X2Y38.A2       net (fanout=2)        0.723   multi_led/ctr/M_ctr_q[4]
    SLICE_X2Y38.COUT     Topcya                0.472   multi_led/ctr/Mcount_M_ctr_q_cy[7]
                                                       multi_led/ctr/M_ctr_q[4]_rt
                                                       multi_led/ctr/Mcount_M_ctr_q_cy<7>
    SLICE_X2Y39.CIN      net (fanout=1)        0.003   multi_led/ctr/Mcount_M_ctr_q_cy[7]
    SLICE_X2Y39.COUT     Tbyp                  0.091   multi_led/ctr/Mcount_M_ctr_q_cy[11]
                                                       multi_led/ctr/Mcount_M_ctr_q_cy<11>
    SLICE_X2Y40.CIN      net (fanout=1)        0.082   multi_led/ctr/Mcount_M_ctr_q_cy[11]
    SLICE_X2Y40.COUT     Tbyp                  0.091   multi_led/ctr/Mcount_M_ctr_q_cy[15]
                                                       multi_led/ctr/Mcount_M_ctr_q_cy<15>
    SLICE_X2Y41.CIN      net (fanout=1)        0.003   multi_led/ctr/Mcount_M_ctr_q_cy[15]
    SLICE_X2Y41.AMUX     Tcina                 0.210   multi_led/ctr/Result[17]
                                                       multi_led/ctr/Mcount_M_ctr_q_xor<17>
    SLICE_X3Y38.A2       net (fanout=1)        0.990   multi_led/ctr/Result[16]
    SLICE_X3Y38.CLK      Tas                   0.373   multi_led/ctr/M_ctr_q[15]
                                                       multi_led/ctr/M_ctr_q_16_rstpot
                                                       multi_led/ctr/M_ctr_q_16
    -------------------------------------------------  ---------------------------
    Total                                      3.514ns (1.713ns logic, 1.801ns route)
                                                       (48.7% logic, 51.3% route)

--------------------------------------------------------------------------------
Slack:                  16.480ns (requirement - (data path - clock path skew + uncertainty))
  Source:               multi_led/ctr/M_ctr_q_1 (FF)
  Destination:          multi_led/ctr/M_ctr_q_17 (FF)
  Requirement:          20.000ns
  Data Path Delay:      3.472ns (Levels of Logic = 6)
  Clock Path Skew:      -0.013ns (0.186 - 0.199)
  Source Clock:         clk_BUFGP rising at 0.000ns
  Destination Clock:    clk_BUFGP rising at 20.000ns
  Clock Uncertainty:    0.035ns

  Clock Uncertainty:          0.035ns  ((TSJ^2 + TIJ^2)^1/2 + DJ) / 2 + PE
    Total System Jitter (TSJ):  0.070ns
    Total Input Jitter (TIJ):   0.000ns
    Discrete Jitter (DJ):       0.000ns
    Phase Error (PE):           0.000ns

  Maximum Data Path at Slow Process Corner: multi_led/ctr/M_ctr_q_1 to multi_led/ctr/M_ctr_q_17
    Location             Delay type         Delay(ns)  Physical Resource
                                                       Logical Resource(s)
    -------------------------------------------------  -------------------
    SLICE_X3Y37.BQ       Tcko                  0.430   multi_led/ctr/M_ctr_q[2]
                                                       multi_led/ctr/M_ctr_q_1
    SLICE_X2Y37.B1       net (fanout=2)        0.737   multi_led/ctr/M_ctr_q[1]
    SLICE_X2Y37.COUT     Topcyb                0.448   multi_led/ctr/Mcount_M_ctr_q_cy[3]
                                                       multi_led/ctr/M_ctr_q[1]_rt
                                                       multi_led/ctr/Mcount_M_ctr_q_cy<3>
    SLICE_X2Y38.CIN      net (fanout=1)        0.003   multi_led/ctr/Mcount_M_ctr_q_cy[3]
    SLICE_X2Y38.COUT     Tbyp                  0.091   multi_led/ctr/Mcount_M_ctr_q_cy[7]
                                                       multi_led/ctr/Mcount_M_ctr_q_cy<7>
    SLICE_X2Y39.CIN      net (fanout=1)        0.003   multi_led/ctr/Mcount_M_ctr_q_cy[7]
    SLICE_X2Y39.COUT     Tbyp                  0.091   multi_led/ctr/Mcount_M_ctr_q_cy[11]
                                                       multi_led/ctr/Mcount_M_ctr_q_cy<11>
    SLICE_X2Y40.CIN      net (fanout=1)        0.082   multi_led/ctr/Mcount_M_ctr_q_cy[11]
    SLICE_X2Y40.COUT     Tbyp                  0.091   multi_led/ctr/Mcount_M_ctr_q_cy[15]
                                                       multi_led/ctr/Mcount_M_ctr_q_cy<15>
    SLICE_X2Y41.CIN      net (fanout=1)        0.003   multi_led/ctr/Mcount_M_ctr_q_cy[15]
    SLICE_X2Y41.BMUX     Tcinb                 0.277   multi_led/ctr/Result[17]
                                                       multi_led/ctr/Mcount_M_ctr_q_xor<17>
    SLICE_X3Y38.B3       net (fanout=1)        0.843   multi_led/ctr/Result[17]
    SLICE_X3Y38.CLK      Tas                   0.373   multi_led/ctr/M_ctr_q[15]
                                                       multi_led/ctr/M_ctr_q_17_rstpot
                                                       multi_led/ctr/M_ctr_q_17
    -------------------------------------------------  ---------------------------
    Total                                      3.472ns (1.801ns logic, 1.671ns route)
                                                       (51.9% logic, 48.1% route)

--------------------------------------------------------------------------------
Slack:                  16.481ns (requirement - (data path - clock path skew + uncertainty))
  Source:               multi_led/ctr/M_ctr_q_0 (FF)
  Destination:          multi_led/ctr/M_ctr_q_17 (FF)
  Requirement:          20.000ns
  Data Path Delay:      3.471ns (Levels of Logic = 6)
  Clock Path Skew:      -0.013ns (0.186 - 0.199)
  Source Clock:         clk_BUFGP rising at 0.000ns
  Destination Clock:    clk_BUFGP rising at 20.000ns
  Clock Uncertainty:    0.035ns

  Clock Uncertainty:          0.035ns  ((TSJ^2 + TIJ^2)^1/2 + DJ) / 2 + PE
    Total System Jitter (TSJ):  0.070ns
    Total Input Jitter (TIJ):   0.000ns
    Discrete Jitter (DJ):       0.000ns
    Phase Error (PE):           0.000ns

  Maximum Data Path at Slow Process Corner: multi_led/ctr/M_ctr_q_0 to multi_led/ctr/M_ctr_q_17
    Location             Delay type         Delay(ns)  Physical Resource
                                                       Logical Resource(s)
    -------------------------------------------------  -------------------
    SLICE_X3Y37.AQ       Tcko                  0.430   multi_led/ctr/M_ctr_q[2]
                                                       multi_led/ctr/M_ctr_q_0
    SLICE_X2Y37.A2       net (fanout=2)        0.712   multi_led/ctr/M_ctr_q[0]
    SLICE_X2Y37.COUT     Topcya                0.472   multi_led/ctr/Mcount_M_ctr_q_cy[3]
                                                       multi_led/ctr/Mcount_M_ctr_q_lut<0>_INV_0
                                                       multi_led/ctr/Mcount_M_ctr_q_cy<3>
    SLICE_X2Y38.CIN      net (fanout=1)        0.003   multi_led/ctr/Mcount_M_ctr_q_cy[3]
    SLICE_X2Y38.COUT     Tbyp                  0.091   multi_led/ctr/Mcount_M_ctr_q_cy[7]
                                                       multi_led/ctr/Mcount_M_ctr_q_cy<7>
    SLICE_X2Y39.CIN      net (fanout=1)        0.003   multi_led/ctr/Mcount_M_ctr_q_cy[7]
    SLICE_X2Y39.COUT     Tbyp                  0.091   multi_led/ctr/Mcount_M_ctr_q_cy[11]
                                                       multi_led/ctr/Mcount_M_ctr_q_cy<11>
    SLICE_X2Y40.CIN      net (fanout=1)        0.082   multi_led/ctr/Mcount_M_ctr_q_cy[11]
    SLICE_X2Y40.COUT     Tbyp                  0.091   multi_led/ctr/Mcount_M_ctr_q_cy[15]
                                                       multi_led/ctr/Mcount_M_ctr_q_cy<15>
    SLICE_X2Y41.CIN      net (fanout=1)        0.003   multi_led/ctr/Mcount_M_ctr_q_cy[15]
    SLICE_X2Y41.BMUX     Tcinb                 0.277   multi_led/ctr/Result[17]
                                                       multi_led/ctr/Mcount_M_ctr_q_xor<17>
    SLICE_X3Y38.B3       net (fanout=1)        0.843   multi_led/ctr/Result[17]
    SLICE_X3Y38.CLK      Tas                   0.373   multi_led/ctr/M_ctr_q[15]
                                                       multi_led/ctr/M_ctr_q_17_rstpot
                                                       multi_led/ctr/M_ctr_q_17
    -------------------------------------------------  ---------------------------
    Total                                      3.471ns (1.825ns logic, 1.646ns route)
                                                       (52.6% logic, 47.4% route)

--------------------------------------------------------------------------------
Slack:                  16.515ns (requirement - (data path - clock path skew + uncertainty))
  Source:               multi_led/ctr/M_ctr_q_4 (FF)
  Destination:          multi_led/ctr/M_ctr_q_17 (FF)
  Requirement:          20.000ns
  Data Path Delay:      3.434ns (Levels of Logic = 5)
  Clock Path Skew:      -0.016ns (0.186 - 0.202)
  Source Clock:         clk_BUFGP rising at 0.000ns
  Destination Clock:    clk_BUFGP rising at 20.000ns
  Clock Uncertainty:    0.035ns

  Clock Uncertainty:          0.035ns  ((TSJ^2 + TIJ^2)^1/2 + DJ) / 2 + PE
    Total System Jitter (TSJ):  0.070ns
    Total Input Jitter (TIJ):   0.000ns
    Discrete Jitter (DJ):       0.000ns
    Phase Error (PE):           0.000ns

  Maximum Data Path at Slow Process Corner: multi_led/ctr/M_ctr_q_4 to multi_led/ctr/M_ctr_q_17
    Location             Delay type         Delay(ns)  Physical Resource
                                                       Logical Resource(s)
    -------------------------------------------------  -------------------
    SLICE_X2Y36.BQ       Tcko                  0.476   multi_led/ctr/M_ctr_q[6]
                                                       multi_led/ctr/M_ctr_q_4
    SLICE_X2Y38.A2       net (fanout=2)        0.723   multi_led/ctr/M_ctr_q[4]
    SLICE_X2Y38.COUT     Topcya                0.472   multi_led/ctr/Mcount_M_ctr_q_cy[7]
                                                       multi_led/ctr/M_ctr_q[4]_rt
                                                       multi_led/ctr/Mcount_M_ctr_q_cy<7>
    SLICE_X2Y39.CIN      net (fanout=1)        0.003   multi_led/ctr/Mcount_M_ctr_q_cy[7]
    SLICE_X2Y39.COUT     Tbyp                  0.091   multi_led/ctr/Mcount_M_ctr_q_cy[11]
                                                       multi_led/ctr/Mcount_M_ctr_q_cy<11>
    SLICE_X2Y40.CIN      net (fanout=1)        0.082   multi_led/ctr/Mcount_M_ctr_q_cy[11]
    SLICE_X2Y40.COUT     Tbyp                  0.091   multi_led/ctr/Mcount_M_ctr_q_cy[15]
                                                       multi_led/ctr/Mcount_M_ctr_q_cy<15>
    SLICE_X2Y41.CIN      net (fanout=1)        0.003   multi_led/ctr/Mcount_M_ctr_q_cy[15]
    SLICE_X2Y41.BMUX     Tcinb                 0.277   multi_led/ctr/Result[17]
                                                       multi_led/ctr/Mcount_M_ctr_q_xor<17>
    SLICE_X3Y38.B3       net (fanout=1)        0.843   multi_led/ctr/Result[17]
    SLICE_X3Y38.CLK      Tas                   0.373   multi_led/ctr/M_ctr_q[15]
                                                       multi_led/ctr/M_ctr_q_17_rstpot
                                                       multi_led/ctr/M_ctr_q_17
    -------------------------------------------------  ---------------------------
    Total                                      3.434ns (1.780ns logic, 1.654ns route)
                                                       (51.8% logic, 48.2% route)

--------------------------------------------------------------------------------
Slack:                  16.528ns (requirement - (data path - clock path skew + uncertainty))
  Source:               multi_led/ctr/M_ctr_q_2 (FF)
  Destination:          multi_led/ctr/M_ctr_q_16 (FF)
  Requirement:          20.000ns
  Data Path Delay:      3.424ns (Levels of Logic = 6)
  Clock Path Skew:      -0.013ns (0.186 - 0.199)
  Source Clock:         clk_BUFGP rising at 0.000ns
  Destination Clock:    clk_BUFGP rising at 20.000ns
  Clock Uncertainty:    0.035ns

  Clock Uncertainty:          0.035ns  ((TSJ^2 + TIJ^2)^1/2 + DJ) / 2 + PE
    Total System Jitter (TSJ):  0.070ns
    Total Input Jitter (TIJ):   0.000ns
    Discrete Jitter (DJ):       0.000ns
    Phase Error (PE):           0.000ns

  Maximum Data Path at Slow Process Corner: multi_led/ctr/M_ctr_q_2 to multi_led/ctr/M_ctr_q_16
    Location             Delay type         Delay(ns)  Physical Resource
                                                       Logical Resource(s)
    -------------------------------------------------  -------------------
    SLICE_X3Y37.CQ       Tcko                  0.430   multi_led/ctr/M_ctr_q[2]
                                                       multi_led/ctr/M_ctr_q_2
    SLICE_X2Y37.C1       net (fanout=2)        0.732   multi_led/ctr/M_ctr_q[2]
    SLICE_X2Y37.COUT     Topcyc                0.325   multi_led/ctr/Mcount_M_ctr_q_cy[3]
                                                       multi_led/ctr/M_ctr_q[2]_rt
                                                       multi_led/ctr/Mcount_M_ctr_q_cy<3>
    SLICE_X2Y38.CIN      net (fanout=1)        0.003   multi_led/ctr/Mcount_M_ctr_q_cy[3]
    SLICE_X2Y38.COUT     Tbyp                  0.091   multi_led/ctr/Mcount_M_ctr_q_cy[7]
                                                       multi_led/ctr/Mcount_M_ctr_q_cy<7>
    SLICE_X2Y39.CIN      net (fanout=1)        0.003   multi_led/ctr/Mcount_M_ctr_q_cy[7]
    SLICE_X2Y39.COUT     Tbyp                  0.091   multi_led/ctr/Mcount_M_ctr_q_cy[11]
                                                       multi_led/ctr/Mcount_M_ctr_q_cy<11>
    SLICE_X2Y40.CIN      net (fanout=1)        0.082   multi_led/ctr/Mcount_M_ctr_q_cy[11]
    SLICE_X2Y40.COUT     Tbyp                  0.091   multi_led/ctr/Mcount_M_ctr_q_cy[15]
                                                       multi_led/ctr/Mcount_M_ctr_q_cy<15>
    SLICE_X2Y41.CIN      net (fanout=1)        0.003   multi_led/ctr/Mcount_M_ctr_q_cy[15]
    SLICE_X2Y41.AMUX     Tcina                 0.210   multi_led/ctr/Result[17]
                                                       multi_led/ctr/Mcount_M_ctr_q_xor<17>
    SLICE_X3Y38.A2       net (fanout=1)        0.990   multi_led/ctr/Result[16]
    SLICE_X3Y38.CLK      Tas                   0.373   multi_led/ctr/M_ctr_q[15]
                                                       multi_led/ctr/M_ctr_q_16_rstpot
                                                       multi_led/ctr/M_ctr_q_16
    -------------------------------------------------  ---------------------------
    Total                                      3.424ns (1.611ns logic, 1.813ns route)
                                                       (47.1% logic, 52.9% route)

--------------------------------------------------------------------------------
Slack:                  16.584ns (requirement - (data path - clock path skew + uncertainty))
  Source:               multi_led/ctr/M_ctr_q_6 (FF)
  Destination:          multi_led/ctr/M_ctr_q_16 (FF)
  Requirement:          20.000ns
  Data Path Delay:      3.365ns (Levels of Logic = 5)
  Clock Path Skew:      -0.016ns (0.186 - 0.202)
  Source Clock:         clk_BUFGP rising at 0.000ns
  Destination Clock:    clk_BUFGP rising at 20.000ns
  Clock Uncertainty:    0.035ns

  Clock Uncertainty:          0.035ns  ((TSJ^2 + TIJ^2)^1/2 + DJ) / 2 + PE
    Total System Jitter (TSJ):  0.070ns
    Total Input Jitter (TIJ):   0.000ns
    Discrete Jitter (DJ):       0.000ns
    Phase Error (PE):           0.000ns

  Maximum Data Path at Slow Process Corner: multi_led/ctr/M_ctr_q_6 to multi_led/ctr/M_ctr_q_16
    Location             Delay type         Delay(ns)  Physical Resource
                                                       Logical Resource(s)
    -------------------------------------------------  -------------------
    SLICE_X2Y36.DQ       Tcko                  0.476   multi_led/ctr/M_ctr_q[6]
                                                       multi_led/ctr/M_ctr_q_6
    SLICE_X2Y38.C2       net (fanout=2)        0.721   multi_led/ctr/M_ctr_q[6]
    SLICE_X2Y38.COUT     Topcyc                0.325   multi_led/ctr/Mcount_M_ctr_q_cy[7]
                                                       multi_led/ctr/M_ctr_q[6]_rt
                                                       multi_led/ctr/Mcount_M_ctr_q_cy<7>
    SLICE_X2Y39.CIN      net (fanout=1)        0.003   multi_led/ctr/Mcount_M_ctr_q_cy[7]
    SLICE_X2Y39.COUT     Tbyp                  0.091   multi_led/ctr/Mcount_M_ctr_q_cy[11]
                                                       multi_led/ctr/Mcount_M_ctr_q_cy<11>
    SLICE_X2Y40.CIN      net (fanout=1)        0.082   multi_led/ctr/Mcount_M_ctr_q_cy[11]
    SLICE_X2Y40.COUT     Tbyp                  0.091   multi_led/ctr/Mcount_M_ctr_q_cy[15]
                                                       multi_led/ctr/Mcount_M_ctr_q_cy<15>
    SLICE_X2Y41.CIN      net (fanout=1)        0.003   multi_led/ctr/Mcount_M_ctr_q_cy[15]
    SLICE_X2Y41.AMUX     Tcina                 0.210   multi_led/ctr/Result[17]
                                                       multi_led/ctr/Mcount_M_ctr_q_xor<17>
    SLICE_X3Y38.A2       net (fanout=1)        0.990   multi_led/ctr/Result[16]
    SLICE_X3Y38.CLK      Tas                   0.373   multi_led/ctr/M_ctr_q[15]
                                                       multi_led/ctr/M_ctr_q_16_rstpot
                                                       multi_led/ctr/M_ctr_q_16
    -------------------------------------------------  ---------------------------
    Total                                      3.365ns (1.566ns logic, 1.799ns route)
                                                       (46.5% logic, 53.5% route)

--------------------------------------------------------------------------------
Slack:                  16.608ns (requirement - (data path - clock path skew + uncertainty))
  Source:               multi_led/ctr/M_ctr_q_2 (FF)
  Destination:          multi_led/ctr/M_ctr_q_17 (FF)
  Requirement:          20.000ns
  Data Path Delay:      3.344ns (Levels of Logic = 6)
  Clock Path Skew:      -0.013ns (0.186 - 0.199)
  Source Clock:         clk_BUFGP rising at 0.000ns
  Destination Clock:    clk_BUFGP rising at 20.000ns
  Clock Uncertainty:    0.035ns

  Clock Uncertainty:          0.035ns  ((TSJ^2 + TIJ^2)^1/2 + DJ) / 2 + PE
    Total System Jitter (TSJ):  0.070ns
    Total Input Jitter (TIJ):   0.000ns
    Discrete Jitter (DJ):       0.000ns
    Phase Error (PE):           0.000ns

  Maximum Data Path at Slow Process Corner: multi_led/ctr/M_ctr_q_2 to multi_led/ctr/M_ctr_q_17
    Location             Delay type         Delay(ns)  Physical Resource
                                                       Logical Resource(s)
    -------------------------------------------------  -------------------
    SLICE_X3Y37.CQ       Tcko                  0.430   multi_led/ctr/M_ctr_q[2]
                                                       multi_led/ctr/M_ctr_q_2
    SLICE_X2Y37.C1       net (fanout=2)        0.732   multi_led/ctr/M_ctr_q[2]
    SLICE_X2Y37.COUT     Topcyc                0.325   multi_led/ctr/Mcount_M_ctr_q_cy[3]
                                                       multi_led/ctr/M_ctr_q[2]_rt
                                                       multi_led/ctr/Mcount_M_ctr_q_cy<3>
    SLICE_X2Y38.CIN      net (fanout=1)        0.003   multi_led/ctr/Mcount_M_ctr_q_cy[3]
    SLICE_X2Y38.COUT     Tbyp                  0.091   multi_led/ctr/Mcount_M_ctr_q_cy[7]
                                                       multi_led/ctr/Mcount_M_ctr_q_cy<7>
    SLICE_X2Y39.CIN      net (fanout=1)        0.003   multi_led/ctr/Mcount_M_ctr_q_cy[7]
    SLICE_X2Y39.COUT     Tbyp                  0.091   multi_led/ctr/Mcount_M_ctr_q_cy[11]
                                                       multi_led/ctr/Mcount_M_ctr_q_cy<11>
    SLICE_X2Y40.CIN      net (fanout=1)        0.082   multi_led/ctr/Mcount_M_ctr_q_cy[11]
    SLICE_X2Y40.COUT     Tbyp                  0.091   multi_led/ctr/Mcount_M_ctr_q_cy[15]
                                                       multi_led/ctr/Mcount_M_ctr_q_cy<15>
    SLICE_X2Y41.CIN      net (fanout=1)        0.003   multi_led/ctr/Mcount_M_ctr_q_cy[15]
    SLICE_X2Y41.BMUX     Tcinb                 0.277   multi_led/ctr/Result[17]
                                                       multi_led/ctr/Mcount_M_ctr_q_xor<17>
    SLICE_X3Y38.B3       net (fanout=1)        0.843   multi_led/ctr/Result[17]
    SLICE_X3Y38.CLK      Tas                   0.373   multi_led/ctr/M_ctr_q[15]
                                                       multi_led/ctr/M_ctr_q_17_rstpot
                                                       multi_led/ctr/M_ctr_q_17
    -------------------------------------------------  ---------------------------
    Total                                      3.344ns (1.678ns logic, 1.666ns route)
                                                       (50.2% logic, 49.8% route)

--------------------------------------------------------------------------------
Slack:                  16.640ns (requirement - (data path - clock path skew + uncertainty))
  Source:               multi_led/ctr/M_ctr_q_1 (FF)
  Destination:          multi_led/ctr/M_ctr_q_14 (FF)
  Requirement:          20.000ns
  Data Path Delay:      3.304ns (Levels of Logic = 5)
  Clock Path Skew:      -0.021ns (0.328 - 0.349)
  Source Clock:         clk_BUFGP rising at 0.000ns
  Destination Clock:    clk_BUFGP rising at 20.000ns
  Clock Uncertainty:    0.035ns

  Clock Uncertainty:          0.035ns  ((TSJ^2 + TIJ^2)^1/2 + DJ) / 2 + PE
    Total System Jitter (TSJ):  0.070ns
    Total Input Jitter (TIJ):   0.000ns
    Discrete Jitter (DJ):       0.000ns
    Phase Error (PE):           0.000ns

  Maximum Data Path at Slow Process Corner: multi_led/ctr/M_ctr_q_1 to multi_led/ctr/M_ctr_q_14
    Location             Delay type         Delay(ns)  Physical Resource
                                                       Logical Resource(s)
    -------------------------------------------------  -------------------
    SLICE_X3Y37.BQ       Tcko                  0.430   multi_led/ctr/M_ctr_q[2]
                                                       multi_led/ctr/M_ctr_q_1
    SLICE_X2Y37.B1       net (fanout=2)        0.737   multi_led/ctr/M_ctr_q[1]
    SLICE_X2Y37.COUT     Topcyb                0.448   multi_led/ctr/Mcount_M_ctr_q_cy[3]
                                                       multi_led/ctr/M_ctr_q[1]_rt
                                                       multi_led/ctr/Mcount_M_ctr_q_cy<3>
    SLICE_X2Y38.CIN      net (fanout=1)        0.003   multi_led/ctr/Mcount_M_ctr_q_cy[3]
    SLICE_X2Y38.COUT     Tbyp                  0.091   multi_led/ctr/Mcount_M_ctr_q_cy[7]
                                                       multi_led/ctr/Mcount_M_ctr_q_cy<7>
    SLICE_X2Y39.CIN      net (fanout=1)        0.003   multi_led/ctr/Mcount_M_ctr_q_cy[7]
    SLICE_X2Y39.COUT     Tbyp                  0.091   multi_led/ctr/Mcount_M_ctr_q_cy[11]
                                                       multi_led/ctr/Mcount_M_ctr_q_cy<11>
    SLICE_X2Y40.CIN      net (fanout=1)        0.082   multi_led/ctr/Mcount_M_ctr_q_cy[11]
    SLICE_X2Y40.CMUX     Tcinc                 0.289   multi_led/ctr/Mcount_M_ctr_q_cy[15]
                                                       multi_led/ctr/Mcount_M_ctr_q_cy<15>
    SLICE_X3Y40.D2       net (fanout=1)        0.757   multi_led/ctr/Result[14]
    SLICE_X3Y40.CLK      Tas                   0.373   multi_led/ctr/M_ctr_q[14]
                                                       multi_led/ctr/M_ctr_q_14_rstpot
                                                       multi_led/ctr/M_ctr_q_14
    -------------------------------------------------  ---------------------------
    Total                                      3.304ns (1.722ns logic, 1.582ns route)
                                                       (52.1% logic, 47.9% route)

--------------------------------------------------------------------------------
Slack:                  16.641ns (requirement - (data path - clock path skew + uncertainty))
  Source:               multi_led/ctr/M_ctr_q_0 (FF)
  Destination:          multi_led/ctr/M_ctr_q_14 (FF)
  Requirement:          20.000ns
  Data Path Delay:      3.303ns (Levels of Logic = 5)
  Clock Path Skew:      -0.021ns (0.328 - 0.349)
  Source Clock:         clk_BUFGP rising at 0.000ns
  Destination Clock:    clk_BUFGP rising at 20.000ns
  Clock Uncertainty:    0.035ns

  Clock Uncertainty:          0.035ns  ((TSJ^2 + TIJ^2)^1/2 + DJ) / 2 + PE
    Total System Jitter (TSJ):  0.070ns
    Total Input Jitter (TIJ):   0.000ns
    Discrete Jitter (DJ):       0.000ns
    Phase Error (PE):           0.000ns

  Maximum Data Path at Slow Process Corner: multi_led/ctr/M_ctr_q_0 to multi_led/ctr/M_ctr_q_14
    Location             Delay type         Delay(ns)  Physical Resource
                                                       Logical Resource(s)
    -------------------------------------------------  -------------------
    SLICE_X3Y37.AQ       Tcko                  0.430   multi_led/ctr/M_ctr_q[2]
                                                       multi_led/ctr/M_ctr_q_0
    SLICE_X2Y37.A2       net (fanout=2)        0.712   multi_led/ctr/M_ctr_q[0]
    SLICE_X2Y37.COUT     Topcya                0.472   multi_led/ctr/Mcount_M_ctr_q_cy[3]
                                                       multi_led/ctr/Mcount_M_ctr_q_lut<0>_INV_0
                                                       multi_led/ctr/Mcount_M_ctr_q_cy<3>
    SLICE_X2Y38.CIN      net (fanout=1)        0.003   multi_led/ctr/Mcount_M_ctr_q_cy[3]
    SLICE_X2Y38.COUT     Tbyp                  0.091   multi_led/ctr/Mcount_M_ctr_q_cy[7]
                                                       multi_led/ctr/Mcount_M_ctr_q_cy<7>
    SLICE_X2Y39.CIN      net (fanout=1)        0.003   multi_led/ctr/Mcount_M_ctr_q_cy[7]
    SLICE_X2Y39.COUT     Tbyp                  0.091   multi_led/ctr/Mcount_M_ctr_q_cy[11]
                                                       multi_led/ctr/Mcount_M_ctr_q_cy<11>
    SLICE_X2Y40.CIN      net (fanout=1)        0.082   multi_led/ctr/Mcount_M_ctr_q_cy[11]
    SLICE_X2Y40.CMUX     Tcinc                 0.289   multi_led/ctr/Mcount_M_ctr_q_cy[15]
                                                       multi_led/ctr/Mcount_M_ctr_q_cy<15>
    SLICE_X3Y40.D2       net (fanout=1)        0.757   multi_led/ctr/Result[14]
    SLICE_X3Y40.CLK      Tas                   0.373   multi_led/ctr/M_ctr_q[14]
                                                       multi_led/ctr/M_ctr_q_14_rstpot
                                                       multi_led/ctr/M_ctr_q_14
    -------------------------------------------------  ---------------------------
    Total                                      3.303ns (1.746ns logic, 1.557ns route)
                                                       (52.9% logic, 47.1% route)

--------------------------------------------------------------------------------
Slack:                  16.652ns (requirement - (data path - clock path skew + uncertainty))
  Source:               multi_led/ctr/M_ctr_q_5 (FF)
  Destination:          multi_led/ctr/M_ctr_q_16 (FF)
  Requirement:          20.000ns
  Data Path Delay:      3.297ns (Levels of Logic = 5)
  Clock Path Skew:      -0.016ns (0.186 - 0.202)
  Source Clock:         clk_BUFGP rising at 0.000ns
  Destination Clock:    clk_BUFGP rising at 20.000ns
  Clock Uncertainty:    0.035ns

  Clock Uncertainty:          0.035ns  ((TSJ^2 + TIJ^2)^1/2 + DJ) / 2 + PE
    Total System Jitter (TSJ):  0.070ns
    Total Input Jitter (TIJ):   0.000ns
    Discrete Jitter (DJ):       0.000ns
    Phase Error (PE):           0.000ns

  Maximum Data Path at Slow Process Corner: multi_led/ctr/M_ctr_q_5 to multi_led/ctr/M_ctr_q_16
    Location             Delay type         Delay(ns)  Physical Resource
                                                       Logical Resource(s)
    -------------------------------------------------  -------------------
    SLICE_X2Y36.CQ       Tcko                  0.476   multi_led/ctr/M_ctr_q[6]
                                                       multi_led/ctr/M_ctr_q_5
    SLICE_X2Y38.B4       net (fanout=2)        0.530   multi_led/ctr/M_ctr_q[5]
    SLICE_X2Y38.COUT     Topcyb                0.448   multi_led/ctr/Mcount_M_ctr_q_cy[7]
                                                       multi_led/ctr/M_ctr_q[5]_rt
                                                       multi_led/ctr/Mcount_M_ctr_q_cy<7>
    SLICE_X2Y39.CIN      net (fanout=1)        0.003   multi_led/ctr/Mcount_M_ctr_q_cy[7]
    SLICE_X2Y39.COUT     Tbyp                  0.091   multi_led/ctr/Mcount_M_ctr_q_cy[11]
                                                       multi_led/ctr/Mcount_M_ctr_q_cy<11>
    SLICE_X2Y40.CIN      net (fanout=1)        0.082   multi_led/ctr/Mcount_M_ctr_q_cy[11]
    SLICE_X2Y40.COUT     Tbyp                  0.091   multi_led/ctr/Mcount_M_ctr_q_cy[15]
                                                       multi_led/ctr/Mcount_M_ctr_q_cy<15>
    SLICE_X2Y41.CIN      net (fanout=1)        0.003   multi_led/ctr/Mcount_M_ctr_q_cy[15]
    SLICE_X2Y41.AMUX     Tcina                 0.210   multi_led/ctr/Result[17]
                                                       multi_led/ctr/Mcount_M_ctr_q_xor<17>
    SLICE_X3Y38.A2       net (fanout=1)        0.990   multi_led/ctr/Result[16]
    SLICE_X3Y38.CLK      Tas                   0.373   multi_led/ctr/M_ctr_q[15]
                                                       multi_led/ctr/M_ctr_q_16_rstpot
                                                       multi_led/ctr/M_ctr_q_16
    -------------------------------------------------  ---------------------------
    Total                                      3.297ns (1.689ns logic, 1.608ns route)
                                                       (51.2% logic, 48.8% route)

--------------------------------------------------------------------------------
Slack:                  16.664ns (requirement - (data path - clock path skew + uncertainty))
  Source:               multi_led/ctr/M_ctr_q_6 (FF)
  Destination:          multi_led/ctr/M_ctr_q_17 (FF)
  Requirement:          20.000ns
  Data Path Delay:      3.285ns (Levels of Logic = 5)
  Clock Path Skew:      -0.016ns (0.186 - 0.202)
  Source Clock:         clk_BUFGP rising at 0.000ns
  Destination Clock:    clk_BUFGP rising at 20.000ns
  Clock Uncertainty:    0.035ns

  Clock Uncertainty:          0.035ns  ((TSJ^2 + TIJ^2)^1/2 + DJ) / 2 + PE
    Total System Jitter (TSJ):  0.070ns
    Total Input Jitter (TIJ):   0.000ns
    Discrete Jitter (DJ):       0.000ns
    Phase Error (PE):           0.000ns

  Maximum Data Path at Slow Process Corner: multi_led/ctr/M_ctr_q_6 to multi_led/ctr/M_ctr_q_17
    Location             Delay type         Delay(ns)  Physical Resource
                                                       Logical Resource(s)
    -------------------------------------------------  -------------------
    SLICE_X2Y36.DQ       Tcko                  0.476   multi_led/ctr/M_ctr_q[6]
                                                       multi_led/ctr/M_ctr_q_6
    SLICE_X2Y38.C2       net (fanout=2)        0.721   multi_led/ctr/M_ctr_q[6]
    SLICE_X2Y38.COUT     Topcyc                0.325   multi_led/ctr/Mcount_M_ctr_q_cy[7]
                                                       multi_led/ctr/M_ctr_q[6]_rt
                                                       multi_led/ctr/Mcount_M_ctr_q_cy<7>
    SLICE_X2Y39.CIN      net (fanout=1)        0.003   multi_led/ctr/Mcount_M_ctr_q_cy[7]
    SLICE_X2Y39.COUT     Tbyp                  0.091   multi_led/ctr/Mcount_M_ctr_q_cy[11]
                                                       multi_led/ctr/Mcount_M_ctr_q_cy<11>
    SLICE_X2Y40.CIN      net (fanout=1)        0.082   multi_led/ctr/Mcount_M_ctr_q_cy[11]
    SLICE_X2Y40.COUT     Tbyp                  0.091   multi_led/ctr/Mcount_M_ctr_q_cy[15]
                                                       multi_led/ctr/Mcount_M_ctr_q_cy<15>
    SLICE_X2Y41.CIN      net (fanout=1)        0.003   multi_led/ctr/Mcount_M_ctr_q_cy[15]
    SLICE_X2Y41.BMUX     Tcinb                 0.277   multi_led/ctr/Result[17]
                                                       multi_led/ctr/Mcount_M_ctr_q_xor<17>
    SLICE_X3Y38.B3       net (fanout=1)        0.843   multi_led/ctr/Result[17]
    SLICE_X3Y38.CLK      Tas                   0.373   multi_led/ctr/M_ctr_q[15]
                                                       multi_led/ctr/M_ctr_q_17_rstpot
                                                       multi_led/ctr/M_ctr_q_17
    -------------------------------------------------  ---------------------------
    Total                                      3.285ns (1.633ns logic, 1.652ns route)
                                                       (49.7% logic, 50.3% route)

--------------------------------------------------------------------------------
Slack:                  16.675ns (requirement - (data path - clock path skew + uncertainty))
  Source:               multi_led/ctr/M_ctr_q_4 (FF)
  Destination:          multi_led/ctr/M_ctr_q_14 (FF)
  Requirement:          20.000ns
  Data Path Delay:      3.266ns (Levels of Logic = 4)
  Clock Path Skew:      -0.024ns (0.328 - 0.352)
  Source Clock:         clk_BUFGP rising at 0.000ns
  Destination Clock:    clk_BUFGP rising at 20.000ns
  Clock Uncertainty:    0.035ns

  Clock Uncertainty:          0.035ns  ((TSJ^2 + TIJ^2)^1/2 + DJ) / 2 + PE
    Total System Jitter (TSJ):  0.070ns
    Total Input Jitter (TIJ):   0.000ns
    Discrete Jitter (DJ):       0.000ns
    Phase Error (PE):           0.000ns

  Maximum Data Path at Slow Process Corner: multi_led/ctr/M_ctr_q_4 to multi_led/ctr/M_ctr_q_14
    Location             Delay type         Delay(ns)  Physical Resource
                                                       Logical Resource(s)
    -------------------------------------------------  -------------------
    SLICE_X2Y36.BQ       Tcko                  0.476   multi_led/ctr/M_ctr_q[6]
                                                       multi_led/ctr/M_ctr_q_4
    SLICE_X2Y38.A2       net (fanout=2)        0.723   multi_led/ctr/M_ctr_q[4]
    SLICE_X2Y38.COUT     Topcya                0.472   multi_led/ctr/Mcount_M_ctr_q_cy[7]
                                                       multi_led/ctr/M_ctr_q[4]_rt
                                                       multi_led/ctr/Mcount_M_ctr_q_cy<7>
    SLICE_X2Y39.CIN      net (fanout=1)        0.003   multi_led/ctr/Mcount_M_ctr_q_cy[7]
    SLICE_X2Y39.COUT     Tbyp                  0.091   multi_led/ctr/Mcount_M_ctr_q_cy[11]
                                                       multi_led/ctr/Mcount_M_ctr_q_cy<11>
    SLICE_X2Y40.CIN      net (fanout=1)        0.082   multi_led/ctr/Mcount_M_ctr_q_cy[11]
    SLICE_X2Y40.CMUX     Tcinc                 0.289   multi_led/ctr/Mcount_M_ctr_q_cy[15]
                                                       multi_led/ctr/Mcount_M_ctr_q_cy<15>
    SLICE_X3Y40.D2       net (fanout=1)        0.757   multi_led/ctr/Result[14]
    SLICE_X3Y40.CLK      Tas                   0.373   multi_led/ctr/M_ctr_q[14]
                                                       multi_led/ctr/M_ctr_q_14_rstpot
                                                       multi_led/ctr/M_ctr_q_14
    -------------------------------------------------  ---------------------------
    Total                                      3.266ns (1.701ns logic, 1.565ns route)
                                                       (52.1% logic, 47.9% route)

--------------------------------------------------------------------------------
Slack:                  16.705ns (requirement - (data path - clock path skew + uncertainty))
  Source:               multi_led/ctr/M_ctr_q_9 (FF)
  Destination:          multi_led/ctr/M_ctr_q_14 (FF)
  Requirement:          20.000ns
  Data Path Delay:      3.243ns (Levels of Logic = 2)
  Clock Path Skew:      -0.017ns (0.328 - 0.345)
  Source Clock:         clk_BUFGP rising at 0.000ns
  Destination Clock:    clk_BUFGP rising at 20.000ns
  Clock Uncertainty:    0.035ns

  Clock Uncertainty:          0.035ns  ((TSJ^2 + TIJ^2)^1/2 + DJ) / 2 + PE
    Total System Jitter (TSJ):  0.070ns
    Total Input Jitter (TIJ):   0.000ns
    Discrete Jitter (DJ):       0.000ns
    Phase Error (PE):           0.000ns

  Maximum Data Path at Slow Process Corner: multi_led/ctr/M_ctr_q_9 to multi_led/ctr/M_ctr_q_14
    Location             Delay type         Delay(ns)  Physical Resource
                                                       Logical Resource(s)
    -------------------------------------------------  -------------------
    SLICE_X3Y39.CQ       Tcko                  0.430   multi_led/ctr/M_ctr_q[10]
                                                       multi_led/ctr/M_ctr_q_9
    SLICE_X3Y38.D1       net (fanout=2)        1.167   multi_led/ctr/M_ctr_q[9]
    SLICE_X3Y38.D        Tilo                  0.259   multi_led/ctr/M_ctr_q[15]
                                                       multi_led/ctr/Mcount_M_ctr_q_val2
    SLICE_X3Y40.D1       net (fanout=18)       1.014   multi_led/ctr/Mcount_M_ctr_q_val2
    SLICE_X3Y40.CLK      Tas                   0.373   multi_led/ctr/M_ctr_q[14]
                                                       multi_led/ctr/M_ctr_q_14_rstpot
                                                       multi_led/ctr/M_ctr_q_14
    -------------------------------------------------  ---------------------------
    Total                                      3.243ns (1.062ns logic, 2.181ns route)
                                                       (32.7% logic, 67.3% route)

--------------------------------------------------------------------------------
Slack:                  16.708ns (requirement - (data path - clock path skew + uncertainty))
  Source:               multi_led/ctr/M_ctr_q_3 (FF)
  Destination:          multi_led/ctr/M_ctr_q_16 (FF)
  Requirement:          20.000ns
  Data Path Delay:      3.241ns (Levels of Logic = 6)
  Clock Path Skew:      -0.016ns (0.186 - 0.202)
  Source Clock:         clk_BUFGP rising at 0.000ns
  Destination Clock:    clk_BUFGP rising at 20.000ns
  Clock Uncertainty:    0.035ns

  Clock Uncertainty:          0.035ns  ((TSJ^2 + TIJ^2)^1/2 + DJ) / 2 + PE
    Total System Jitter (TSJ):  0.070ns
    Total Input Jitter (TIJ):   0.000ns
    Discrete Jitter (DJ):       0.000ns
    Phase Error (PE):           0.000ns

  Maximum Data Path at Slow Process Corner: multi_led/ctr/M_ctr_q_3 to multi_led/ctr/M_ctr_q_16
    Location             Delay type         Delay(ns)  Physical Resource
                                                       Logical Resource(s)
    -------------------------------------------------  -------------------
    SLICE_X2Y36.AQ       Tcko                  0.476   multi_led/ctr/M_ctr_q[6]
                                                       multi_led/ctr/M_ctr_q_3
    SLICE_X2Y37.D3       net (fanout=2)        0.538   multi_led/ctr/M_ctr_q[3]
    SLICE_X2Y37.COUT     Topcyd                0.290   multi_led/ctr/Mcount_M_ctr_q_cy[3]
                                                       multi_led/ctr/M_ctr_q[3]_rt
                                                       multi_led/ctr/Mcount_M_ctr_q_cy<3>
    SLICE_X2Y38.CIN      net (fanout=1)        0.003   multi_led/ctr/Mcount_M_ctr_q_cy[3]
    SLICE_X2Y38.COUT     Tbyp                  0.091   multi_led/ctr/Mcount_M_ctr_q_cy[7]
                                                       multi_led/ctr/Mcount_M_ctr_q_cy<7>
    SLICE_X2Y39.CIN      net (fanout=1)        0.003   multi_led/ctr/Mcount_M_ctr_q_cy[7]
    SLICE_X2Y39.COUT     Tbyp                  0.091   multi_led/ctr/Mcount_M_ctr_q_cy[11]
                                                       multi_led/ctr/Mcount_M_ctr_q_cy<11>
    SLICE_X2Y40.CIN      net (fanout=1)        0.082   multi_led/ctr/Mcount_M_ctr_q_cy[11]
    SLICE_X2Y40.COUT     Tbyp                  0.091   multi_led/ctr/Mcount_M_ctr_q_cy[15]
                                                       multi_led/ctr/Mcount_M_ctr_q_cy<15>
    SLICE_X2Y41.CIN      net (fanout=1)        0.003   multi_led/ctr/Mcount_M_ctr_q_cy[15]
    SLICE_X2Y41.AMUX     Tcina                 0.210   multi_led/ctr/Result[17]
                                                       multi_led/ctr/Mcount_M_ctr_q_xor<17>
    SLICE_X3Y38.A2       net (fanout=1)        0.990   multi_led/ctr/Result[16]
    SLICE_X3Y38.CLK      Tas                   0.373   multi_led/ctr/M_ctr_q[15]
                                                       multi_led/ctr/M_ctr_q_16_rstpot
                                                       multi_led/ctr/M_ctr_q_16
    -------------------------------------------------  ---------------------------
    Total                                      3.241ns (1.622ns logic, 1.619ns route)
                                                       (50.0% logic, 50.0% route)

--------------------------------------------------------------------------------
Slack:                  16.732ns (requirement - (data path - clock path skew + uncertainty))
  Source:               multi_led/ctr/M_ctr_q_5 (FF)
  Destination:          multi_led/ctr/M_ctr_q_17 (FF)
  Requirement:          20.000ns
  Data Path Delay:      3.217ns (Levels of Logic = 5)
  Clock Path Skew:      -0.016ns (0.186 - 0.202)
  Source Clock:         clk_BUFGP rising at 0.000ns
  Destination Clock:    clk_BUFGP rising at 20.000ns
  Clock Uncertainty:    0.035ns

  Clock Uncertainty:          0.035ns  ((TSJ^2 + TIJ^2)^1/2 + DJ) / 2 + PE
    Total System Jitter (TSJ):  0.070ns
    Total Input Jitter (TIJ):   0.000ns
    Discrete Jitter (DJ):       0.000ns
    Phase Error (PE):           0.000ns

  Maximum Data Path at Slow Process Corner: multi_led/ctr/M_ctr_q_5 to multi_led/ctr/M_ctr_q_17
    Location             Delay type         Delay(ns)  Physical Resource
                                                       Logical Resource(s)
    -------------------------------------------------  -------------------
    SLICE_X2Y36.CQ       Tcko                  0.476   multi_led/ctr/M_ctr_q[6]
                                                       multi_led/ctr/M_ctr_q_5
    SLICE_X2Y38.B4       net (fanout=2)        0.530   multi_led/ctr/M_ctr_q[5]
    SLICE_X2Y38.COUT     Topcyb                0.448   multi_led/ctr/Mcount_M_ctr_q_cy[7]
                                                       multi_led/ctr/M_ctr_q[5]_rt
                                                       multi_led/ctr/Mcount_M_ctr_q_cy<7>
    SLICE_X2Y39.CIN      net (fanout=1)        0.003   multi_led/ctr/Mcount_M_ctr_q_cy[7]
    SLICE_X2Y39.COUT     Tbyp                  0.091   multi_led/ctr/Mcount_M_ctr_q_cy[11]
                                                       multi_led/ctr/Mcount_M_ctr_q_cy<11>
    SLICE_X2Y40.CIN      net (fanout=1)        0.082   multi_led/ctr/Mcount_M_ctr_q_cy[11]
    SLICE_X2Y40.COUT     Tbyp                  0.091   multi_led/ctr/Mcount_M_ctr_q_cy[15]
                                                       multi_led/ctr/Mcount_M_ctr_q_cy<15>
    SLICE_X2Y41.CIN      net (fanout=1)        0.003   multi_led/ctr/Mcount_M_ctr_q_cy[15]
    SLICE_X2Y41.BMUX     Tcinb                 0.277   multi_led/ctr/Result[17]
                                                       multi_led/ctr/Mcount_M_ctr_q_xor<17>
    SLICE_X3Y38.B3       net (fanout=1)        0.843   multi_led/ctr/Result[17]
    SLICE_X3Y38.CLK      Tas                   0.373   multi_led/ctr/M_ctr_q[15]
                                                       multi_led/ctr/M_ctr_q_17_rstpot
                                                       multi_led/ctr/M_ctr_q_17
    -------------------------------------------------  ---------------------------
    Total                                      3.217ns (1.756ns logic, 1.461ns route)
                                                       (54.6% logic, 45.4% route)

--------------------------------------------------------------------------------
Slack:                  16.738ns (requirement - (data path - clock path skew + uncertainty))
  Source:               reset_cond/M_stage_q_3 (FF)
  Destination:          multi_led/ctr/M_ctr_q_11 (FF)
  Requirement:          20.000ns
  Data Path Delay:      3.202ns (Levels of Logic = 1)
  Clock Path Skew:      -0.025ns (0.720 - 0.745)
  Source Clock:         clk_BUFGP rising at 0.000ns
  Destination Clock:    clk_BUFGP rising at 20.000ns
  Clock Uncertainty:    0.035ns

  Clock Uncertainty:          0.035ns  ((TSJ^2 + TIJ^2)^1/2 + DJ) / 2 + PE
    Total System Jitter (TSJ):  0.070ns
    Total Input Jitter (TIJ):   0.000ns
    Discrete Jitter (DJ):       0.000ns
    Phase Error (PE):           0.000ns

  Maximum Data Path at Slow Process Corner: reset_cond/M_stage_q_3 to multi_led/ctr/M_ctr_q_11
    Location             Delay type         Delay(ns)  Physical Resource
                                                       Logical Resource(s)
    -------------------------------------------------  -------------------
    SLICE_X6Y26.DQ       Tcko                  0.476   M_reset_cond_out
                                                       reset_cond/M_stage_q_3
    SLICE_X3Y40.A2       net (fanout=18)       2.353   M_reset_cond_out
    SLICE_X3Y40.CLK      Tas                   0.373   multi_led/ctr/M_ctr_q[14]
                                                       multi_led/ctr/M_ctr_q_11_rstpot
                                                       multi_led/ctr/M_ctr_q_11
    -------------------------------------------------  ---------------------------
    Total                                      3.202ns (0.849ns logic, 2.353ns route)
                                                       (26.5% logic, 73.5% route)

--------------------------------------------------------------------------------
Slack:                  16.768ns (requirement - (data path - clock path skew + uncertainty))
  Source:               multi_led/ctr/M_ctr_q_2 (FF)
  Destination:          multi_led/ctr/M_ctr_q_14 (FF)
  Requirement:          20.000ns
  Data Path Delay:      3.176ns (Levels of Logic = 5)
  Clock Path Skew:      -0.021ns (0.328 - 0.349)
  Source Clock:         clk_BUFGP rising at 0.000ns
  Destination Clock:    clk_BUFGP rising at 20.000ns
  Clock Uncertainty:    0.035ns

  Clock Uncertainty:          0.035ns  ((TSJ^2 + TIJ^2)^1/2 + DJ) / 2 + PE
    Total System Jitter (TSJ):  0.070ns
    Total Input Jitter (TIJ):   0.000ns
    Discrete Jitter (DJ):       0.000ns
    Phase Error (PE):           0.000ns

  Maximum Data Path at Slow Process Corner: multi_led/ctr/M_ctr_q_2 to multi_led/ctr/M_ctr_q_14
    Location             Delay type         Delay(ns)  Physical Resource
                                                       Logical Resource(s)
    -------------------------------------------------  -------------------
    SLICE_X3Y37.CQ       Tcko                  0.430   multi_led/ctr/M_ctr_q[2]
                                                       multi_led/ctr/M_ctr_q_2
    SLICE_X2Y37.C1       net (fanout=2)        0.732   multi_led/ctr/M_ctr_q[2]
    SLICE_X2Y37.COUT     Topcyc                0.325   multi_led/ctr/Mcount_M_ctr_q_cy[3]
                                                       multi_led/ctr/M_ctr_q[2]_rt
                                                       multi_led/ctr/Mcount_M_ctr_q_cy<3>
    SLICE_X2Y38.CIN      net (fanout=1)        0.003   multi_led/ctr/Mcount_M_ctr_q_cy[3]
    SLICE_X2Y38.COUT     Tbyp                  0.091   multi_led/ctr/Mcount_M_ctr_q_cy[7]
                                                       multi_led/ctr/Mcount_M_ctr_q_cy<7>
    SLICE_X2Y39.CIN      net (fanout=1)        0.003   multi_led/ctr/Mcount_M_ctr_q_cy[7]
    SLICE_X2Y39.COUT     Tbyp                  0.091   multi_led/ctr/Mcount_M_ctr_q_cy[11]
                                                       multi_led/ctr/Mcount_M_ctr_q_cy<11>
    SLICE_X2Y40.CIN      net (fanout=1)        0.082   multi_led/ctr/Mcount_M_ctr_q_cy[11]
    SLICE_X2Y40.CMUX     Tcinc                 0.289   multi_led/ctr/Mcount_M_ctr_q_cy[15]
                                                       multi_led/ctr/Mcount_M_ctr_q_cy<15>
    SLICE_X3Y40.D2       net (fanout=1)        0.757   multi_led/ctr/Result[14]
    SLICE_X3Y40.CLK      Tas                   0.373   multi_led/ctr/M_ctr_q[14]
                                                       multi_led/ctr/M_ctr_q_14_rstpot
                                                       multi_led/ctr/M_ctr_q_14
    -------------------------------------------------  ---------------------------
    Total                                      3.176ns (1.599ns logic, 1.577ns route)
                                                       (50.3% logic, 49.7% route)

--------------------------------------------------------------------------------
Slack:                  16.770ns (requirement - (data path - clock path skew + uncertainty))
  Source:               multi_led/ctr/M_ctr_q_9 (FF)
  Destination:          multi_led/ctr/M_ctr_q_10 (FF)
  Requirement:          20.000ns
  Data Path Delay:      3.195ns (Levels of Logic = 2)
  Clock Path Skew:      0.000ns
  Source Clock:         clk_BUFGP rising at 0.000ns
  Destination Clock:    clk_BUFGP rising at 20.000ns
  Clock Uncertainty:    0.035ns

  Clock Uncertainty:          0.035ns  ((TSJ^2 + TIJ^2)^1/2 + DJ) / 2 + PE
    Total System Jitter (TSJ):  0.070ns
    Total Input Jitter (TIJ):   0.000ns
    Discrete Jitter (DJ):       0.000ns
    Phase Error (PE):           0.000ns

  Maximum Data Path at Slow Process Corner: multi_led/ctr/M_ctr_q_9 to multi_led/ctr/M_ctr_q_10
    Location             Delay type         Delay(ns)  Physical Resource
                                                       Logical Resource(s)
    -------------------------------------------------  -------------------
    SLICE_X3Y39.CQ       Tcko                  0.430   multi_led/ctr/M_ctr_q[10]
                                                       multi_led/ctr/M_ctr_q_9
    SLICE_X3Y38.D1       net (fanout=2)        1.167   multi_led/ctr/M_ctr_q[9]
    SLICE_X3Y38.D        Tilo                  0.259   multi_led/ctr/M_ctr_q[15]
                                                       multi_led/ctr/Mcount_M_ctr_q_val2
    SLICE_X3Y39.D1       net (fanout=18)       0.966   multi_led/ctr/Mcount_M_ctr_q_val2
    SLICE_X3Y39.CLK      Tas                   0.373   multi_led/ctr/M_ctr_q[10]
                                                       multi_led/ctr/M_ctr_q_10_rstpot
                                                       multi_led/ctr/M_ctr_q_10
    -------------------------------------------------  ---------------------------
    Total                                      3.195ns (1.062ns logic, 2.133ns route)
                                                       (33.2% logic, 66.8% route)

--------------------------------------------------------------------------------
Slack:                  16.788ns (requirement - (data path - clock path skew + uncertainty))
  Source:               multi_led/ctr/M_ctr_q_3 (FF)
  Destination:          multi_led/ctr/M_ctr_q_17 (FF)
  Requirement:          20.000ns
  Data Path Delay:      3.161ns (Levels of Logic = 6)
  Clock Path Skew:      -0.016ns (0.186 - 0.202)
  Source Clock:         clk_BUFGP rising at 0.000ns
  Destination Clock:    clk_BUFGP rising at 20.000ns
  Clock Uncertainty:    0.035ns

  Clock Uncertainty:          0.035ns  ((TSJ^2 + TIJ^2)^1/2 + DJ) / 2 + PE
    Total System Jitter (TSJ):  0.070ns
    Total Input Jitter (TIJ):   0.000ns
    Discrete Jitter (DJ):       0.000ns
    Phase Error (PE):           0.000ns

  Maximum Data Path at Slow Process Corner: multi_led/ctr/M_ctr_q_3 to multi_led/ctr/M_ctr_q_17
    Location             Delay type         Delay(ns)  Physical Resource
                                                       Logical Resource(s)
    -------------------------------------------------  -------------------
    SLICE_X2Y36.AQ       Tcko                  0.476   multi_led/ctr/M_ctr_q[6]
                                                       multi_led/ctr/M_ctr_q_3
    SLICE_X2Y37.D3       net (fanout=2)        0.538   multi_led/ctr/M_ctr_q[3]
    SLICE_X2Y37.COUT     Topcyd                0.290   multi_led/ctr/Mcount_M_ctr_q_cy[3]
                                                       multi_led/ctr/M_ctr_q[3]_rt
                                                       multi_led/ctr/Mcount_M_ctr_q_cy<3>
    SLICE_X2Y38.CIN      net (fanout=1)        0.003   multi_led/ctr/Mcount_M_ctr_q_cy[3]
    SLICE_X2Y38.COUT     Tbyp                  0.091   multi_led/ctr/Mcount_M_ctr_q_cy[7]
                                                       multi_led/ctr/Mcount_M_ctr_q_cy<7>
    SLICE_X2Y39.CIN      net (fanout=1)        0.003   multi_led/ctr/Mcount_M_ctr_q_cy[7]
    SLICE_X2Y39.COUT     Tbyp                  0.091   multi_led/ctr/Mcount_M_ctr_q_cy[11]
                                                       multi_led/ctr/Mcount_M_ctr_q_cy<11>
    SLICE_X2Y40.CIN      net (fanout=1)        0.082   multi_led/ctr/Mcount_M_ctr_q_cy[11]
    SLICE_X2Y40.COUT     Tbyp                  0.091   multi_led/ctr/Mcount_M_ctr_q_cy[15]
                                                       multi_led/ctr/Mcount_M_ctr_q_cy<15>
    SLICE_X2Y41.CIN      net (fanout=1)        0.003   multi_led/ctr/Mcount_M_ctr_q_cy[15]
    SLICE_X2Y41.BMUX     Tcinb                 0.277   multi_led/ctr/Result[17]
                                                       multi_led/ctr/Mcount_M_ctr_q_xor<17>
    SLICE_X3Y38.B3       net (fanout=1)        0.843   multi_led/ctr/Result[17]
    SLICE_X3Y38.CLK      Tas                   0.373   multi_led/ctr/M_ctr_q[15]
                                                       multi_led/ctr/M_ctr_q_17_rstpot
                                                       multi_led/ctr/M_ctr_q_17
    -------------------------------------------------  ---------------------------
    Total                                      3.161ns (1.689ns logic, 1.472ns route)
                                                       (53.4% logic, 46.6% route)

--------------------------------------------------------------------------------
Slack:                  16.806ns (requirement - (data path - clock path skew + uncertainty))
  Source:               multi_led/ctr/M_ctr_q_1 (FF)
  Destination:          multi_led/ctr/M_ctr_q_12 (FF)
  Requirement:          20.000ns
  Data Path Delay:      3.138ns (Levels of Logic = 5)
  Clock Path Skew:      -0.021ns (0.328 - 0.349)
  Source Clock:         clk_BUFGP rising at 0.000ns
  Destination Clock:    clk_BUFGP rising at 20.000ns
  Clock Uncertainty:    0.035ns

  Clock Uncertainty:          0.035ns  ((TSJ^2 + TIJ^2)^1/2 + DJ) / 2 + PE
    Total System Jitter (TSJ):  0.070ns
    Total Input Jitter (TIJ):   0.000ns
    Discrete Jitter (DJ):       0.000ns
    Phase Error (PE):           0.000ns

  Maximum Data Path at Slow Process Corner: multi_led/ctr/M_ctr_q_1 to multi_led/ctr/M_ctr_q_12
    Location             Delay type         Delay(ns)  Physical Resource
                                                       Logical Resource(s)
    -------------------------------------------------  -------------------
    SLICE_X3Y37.BQ       Tcko                  0.430   multi_led/ctr/M_ctr_q[2]
                                                       multi_led/ctr/M_ctr_q_1
    SLICE_X2Y37.B1       net (fanout=2)        0.737   multi_led/ctr/M_ctr_q[1]
    SLICE_X2Y37.COUT     Topcyb                0.448   multi_led/ctr/Mcount_M_ctr_q_cy[3]
                                                       multi_led/ctr/M_ctr_q[1]_rt
                                                       multi_led/ctr/Mcount_M_ctr_q_cy<3>
    SLICE_X2Y38.CIN      net (fanout=1)        0.003   multi_led/ctr/Mcount_M_ctr_q_cy[3]
    SLICE_X2Y38.COUT     Tbyp                  0.091   multi_led/ctr/Mcount_M_ctr_q_cy[7]
                                                       multi_led/ctr/Mcount_M_ctr_q_cy<7>
    SLICE_X2Y39.CIN      net (fanout=1)        0.003   multi_led/ctr/Mcount_M_ctr_q_cy[7]
    SLICE_X2Y39.COUT     Tbyp                  0.091   multi_led/ctr/Mcount_M_ctr_q_cy[11]
                                                       multi_led/ctr/Mcount_M_ctr_q_cy<11>
    SLICE_X2Y40.CIN      net (fanout=1)        0.082   multi_led/ctr/Mcount_M_ctr_q_cy[11]
    SLICE_X2Y40.AMUX     Tcina                 0.210   multi_led/ctr/Mcount_M_ctr_q_cy[15]
                                                       multi_led/ctr/Mcount_M_ctr_q_cy<15>
    SLICE_X3Y40.B6       net (fanout=1)        0.670   multi_led/ctr/Result[12]
    SLICE_X3Y40.CLK      Tas                   0.373   multi_led/ctr/M_ctr_q[14]
                                                       multi_led/ctr/M_ctr_q_12_rstpot
                                                       multi_led/ctr/M_ctr_q_12
    -------------------------------------------------  ---------------------------
    Total                                      3.138ns (1.643ns logic, 1.495ns route)
                                                       (52.4% logic, 47.6% route)

--------------------------------------------------------------------------------
Slack:                  16.807ns (requirement - (data path - clock path skew + uncertainty))
  Source:               multi_led/ctr/M_ctr_q_0 (FF)
  Destination:          multi_led/ctr/M_ctr_q_12 (FF)
  Requirement:          20.000ns
  Data Path Delay:      3.137ns (Levels of Logic = 5)
  Clock Path Skew:      -0.021ns (0.328 - 0.349)
  Source Clock:         clk_BUFGP rising at 0.000ns
  Destination Clock:    clk_BUFGP rising at 20.000ns
  Clock Uncertainty:    0.035ns

  Clock Uncertainty:          0.035ns  ((TSJ^2 + TIJ^2)^1/2 + DJ) / 2 + PE
    Total System Jitter (TSJ):  0.070ns
    Total Input Jitter (TIJ):   0.000ns
    Discrete Jitter (DJ):       0.000ns
    Phase Error (PE):           0.000ns

  Maximum Data Path at Slow Process Corner: multi_led/ctr/M_ctr_q_0 to multi_led/ctr/M_ctr_q_12
    Location             Delay type         Delay(ns)  Physical Resource
                                                       Logical Resource(s)
    -------------------------------------------------  -------------------
    SLICE_X3Y37.AQ       Tcko                  0.430   multi_led/ctr/M_ctr_q[2]
                                                       multi_led/ctr/M_ctr_q_0
    SLICE_X2Y37.A2       net (fanout=2)        0.712   multi_led/ctr/M_ctr_q[0]
    SLICE_X2Y37.COUT     Topcya                0.472   multi_led/ctr/Mcount_M_ctr_q_cy[3]
                                                       multi_led/ctr/Mcount_M_ctr_q_lut<0>_INV_0
                                                       multi_led/ctr/Mcount_M_ctr_q_cy<3>
    SLICE_X2Y38.CIN      net (fanout=1)        0.003   multi_led/ctr/Mcount_M_ctr_q_cy[3]
    SLICE_X2Y38.COUT     Tbyp                  0.091   multi_led/ctr/Mcount_M_ctr_q_cy[7]
                                                       multi_led/ctr/Mcount_M_ctr_q_cy<7>
    SLICE_X2Y39.CIN      net (fanout=1)        0.003   multi_led/ctr/Mcount_M_ctr_q_cy[7]
    SLICE_X2Y39.COUT     Tbyp                  0.091   multi_led/ctr/Mcount_M_ctr_q_cy[11]
                                                       multi_led/ctr/Mcount_M_ctr_q_cy<11>
    SLICE_X2Y40.CIN      net (fanout=1)        0.082   multi_led/ctr/Mcount_M_ctr_q_cy[11]
    SLICE_X2Y40.AMUX     Tcina                 0.210   multi_led/ctr/Mcount_M_ctr_q_cy[15]
                                                       multi_led/ctr/Mcount_M_ctr_q_cy<15>
    SLICE_X3Y40.B6       net (fanout=1)        0.670   multi_led/ctr/Result[12]
    SLICE_X3Y40.CLK      Tas                   0.373   multi_led/ctr/M_ctr_q[14]
                                                       multi_led/ctr/M_ctr_q_12_rstpot
                                                       multi_led/ctr/M_ctr_q_12
    -------------------------------------------------  ---------------------------
    Total                                      3.137ns (1.667ns logic, 1.470ns route)
                                                       (53.1% logic, 46.9% route)

--------------------------------------------------------------------------------
Slack:                  16.819ns (requirement - (data path - clock path skew + uncertainty))
  Source:               multi_led/ctr/M_ctr_q_1 (FF)
  Destination:          multi_led/ctr/M_ctr_q_10 (FF)
  Requirement:          20.000ns
  Data Path Delay:      3.131ns (Levels of Logic = 4)
  Clock Path Skew:      -0.015ns (0.184 - 0.199)
  Source Clock:         clk_BUFGP rising at 0.000ns
  Destination Clock:    clk_BUFGP rising at 20.000ns
  Clock Uncertainty:    0.035ns

  Clock Uncertainty:          0.035ns  ((TSJ^2 + TIJ^2)^1/2 + DJ) / 2 + PE
    Total System Jitter (TSJ):  0.070ns
    Total Input Jitter (TIJ):   0.000ns
    Discrete Jitter (DJ):       0.000ns
    Phase Error (PE):           0.000ns

  Maximum Data Path at Slow Process Corner: multi_led/ctr/M_ctr_q_1 to multi_led/ctr/M_ctr_q_10
    Location             Delay type         Delay(ns)  Physical Resource
                                                       Logical Resource(s)
    -------------------------------------------------  -------------------
    SLICE_X3Y37.BQ       Tcko                  0.430   multi_led/ctr/M_ctr_q[2]
                                                       multi_led/ctr/M_ctr_q_1
    SLICE_X2Y37.B1       net (fanout=2)        0.737   multi_led/ctr/M_ctr_q[1]
    SLICE_X2Y37.COUT     Topcyb                0.448   multi_led/ctr/Mcount_M_ctr_q_cy[3]
                                                       multi_led/ctr/M_ctr_q[1]_rt
                                                       multi_led/ctr/Mcount_M_ctr_q_cy<3>
    SLICE_X2Y38.CIN      net (fanout=1)        0.003   multi_led/ctr/Mcount_M_ctr_q_cy[3]
    SLICE_X2Y38.COUT     Tbyp                  0.091   multi_led/ctr/Mcount_M_ctr_q_cy[7]
                                                       multi_led/ctr/Mcount_M_ctr_q_cy<7>
    SLICE_X2Y39.CIN      net (fanout=1)        0.003   multi_led/ctr/Mcount_M_ctr_q_cy[7]
    SLICE_X2Y39.CMUX     Tcinc                 0.289   multi_led/ctr/Mcount_M_ctr_q_cy[11]
                                                       multi_led/ctr/Mcount_M_ctr_q_cy<11>
    SLICE_X3Y39.D2       net (fanout=1)        0.757   multi_led/ctr/Result[10]
    SLICE_X3Y39.CLK      Tas                   0.373   multi_led/ctr/M_ctr_q[10]
                                                       multi_led/ctr/M_ctr_q_10_rstpot
                                                       multi_led/ctr/M_ctr_q_10
    -------------------------------------------------  ---------------------------
    Total                                      3.131ns (1.631ns logic, 1.500ns route)
                                                       (52.1% logic, 47.9% route)

--------------------------------------------------------------------------------
Slack:                  16.820ns (requirement - (data path - clock path skew + uncertainty))
  Source:               multi_led/ctr/M_ctr_q_0 (FF)
  Destination:          multi_led/ctr/M_ctr_q_10 (FF)
  Requirement:          20.000ns
  Data Path Delay:      3.130ns (Levels of Logic = 4)
  Clock Path Skew:      -0.015ns (0.184 - 0.199)
  Source Clock:         clk_BUFGP rising at 0.000ns
  Destination Clock:    clk_BUFGP rising at 20.000ns
  Clock Uncertainty:    0.035ns

  Clock Uncertainty:          0.035ns  ((TSJ^2 + TIJ^2)^1/2 + DJ) / 2 + PE
    Total System Jitter (TSJ):  0.070ns
    Total Input Jitter (TIJ):   0.000ns
    Discrete Jitter (DJ):       0.000ns
    Phase Error (PE):           0.000ns

  Maximum Data Path at Slow Process Corner: multi_led/ctr/M_ctr_q_0 to multi_led/ctr/M_ctr_q_10
    Location             Delay type         Delay(ns)  Physical Resource
                                                       Logical Resource(s)
    -------------------------------------------------  -------------------
    SLICE_X3Y37.AQ       Tcko                  0.430   multi_led/ctr/M_ctr_q[2]
                                                       multi_led/ctr/M_ctr_q_0
    SLICE_X2Y37.A2       net (fanout=2)        0.712   multi_led/ctr/M_ctr_q[0]
    SLICE_X2Y37.COUT     Topcya                0.472   multi_led/ctr/Mcount_M_ctr_q_cy[3]
                                                       multi_led/ctr/Mcount_M_ctr_q_lut<0>_INV_0
                                                       multi_led/ctr/Mcount_M_ctr_q_cy<3>
    SLICE_X2Y38.CIN      net (fanout=1)        0.003   multi_led/ctr/Mcount_M_ctr_q_cy[3]
    SLICE_X2Y38.COUT     Tbyp                  0.091   multi_led/ctr/Mcount_M_ctr_q_cy[7]
                                                       multi_led/ctr/Mcount_M_ctr_q_cy<7>
    SLICE_X2Y39.CIN      net (fanout=1)        0.003   multi_led/ctr/Mcount_M_ctr_q_cy[7]
    SLICE_X2Y39.CMUX     Tcinc                 0.289   multi_led/ctr/Mcount_M_ctr_q_cy[11]
                                                       multi_led/ctr/Mcount_M_ctr_q_cy<11>
    SLICE_X3Y39.D2       net (fanout=1)        0.757   multi_led/ctr/Result[10]
    SLICE_X3Y39.CLK      Tas                   0.373   multi_led/ctr/M_ctr_q[10]
                                                       multi_led/ctr/M_ctr_q_10_rstpot
                                                       multi_led/ctr/M_ctr_q_10
    -------------------------------------------------  ---------------------------
    Total                                      3.130ns (1.655ns logic, 1.475ns route)
                                                       (52.9% logic, 47.1% route)

--------------------------------------------------------------------------------
Slack:                  16.820ns (requirement - (data path - clock path skew + uncertainty))
  Source:               multi_led/ctr/M_ctr_q_9 (FF)
  Destination:          multi_led/ctr/M_ctr_q_5 (FF)
  Requirement:          20.000ns
  Data Path Delay:      3.141ns (Levels of Logic = 2)
  Clock Path Skew:      -0.004ns (0.191 - 0.195)
  Source Clock:         clk_BUFGP rising at 0.000ns
  Destination Clock:    clk_BUFGP rising at 20.000ns
  Clock Uncertainty:    0.035ns

  Clock Uncertainty:          0.035ns  ((TSJ^2 + TIJ^2)^1/2 + DJ) / 2 + PE
    Total System Jitter (TSJ):  0.070ns
    Total Input Jitter (TIJ):   0.000ns
    Discrete Jitter (DJ):       0.000ns
    Phase Error (PE):           0.000ns

  Maximum Data Path at Slow Process Corner: multi_led/ctr/M_ctr_q_9 to multi_led/ctr/M_ctr_q_5
    Location             Delay type         Delay(ns)  Physical Resource
                                                       Logical Resource(s)
    -------------------------------------------------  -------------------
    SLICE_X3Y39.CQ       Tcko                  0.430   multi_led/ctr/M_ctr_q[10]
                                                       multi_led/ctr/M_ctr_q_9
    SLICE_X3Y38.D1       net (fanout=2)        1.167   multi_led/ctr/M_ctr_q[9]
    SLICE_X3Y38.D        Tilo                  0.259   multi_led/ctr/M_ctr_q[15]
                                                       multi_led/ctr/Mcount_M_ctr_q_val2
    SLICE_X2Y36.C2       net (fanout=18)       0.936   multi_led/ctr/Mcount_M_ctr_q_val2
    SLICE_X2Y36.CLK      Tas                   0.349   multi_led/ctr/M_ctr_q[6]
                                                       multi_led/ctr/M_ctr_q_5_rstpot
                                                       multi_led/ctr/M_ctr_q_5
    -------------------------------------------------  ---------------------------
    Total                                      3.141ns (1.038ns logic, 2.103ns route)
                                                       (33.0% logic, 67.0% route)

--------------------------------------------------------------------------------
Slack:                  16.824ns (requirement - (data path - clock path skew + uncertainty))
  Source:               multi_led/ctr/M_ctr_q_6 (FF)
  Destination:          multi_led/ctr/M_ctr_q_14 (FF)
  Requirement:          20.000ns
  Data Path Delay:      3.117ns (Levels of Logic = 4)
  Clock Path Skew:      -0.024ns (0.328 - 0.352)
  Source Clock:         clk_BUFGP rising at 0.000ns
  Destination Clock:    clk_BUFGP rising at 20.000ns
  Clock Uncertainty:    0.035ns

  Clock Uncertainty:          0.035ns  ((TSJ^2 + TIJ^2)^1/2 + DJ) / 2 + PE
    Total System Jitter (TSJ):  0.070ns
    Total Input Jitter (TIJ):   0.000ns
    Discrete Jitter (DJ):       0.000ns
    Phase Error (PE):           0.000ns

  Maximum Data Path at Slow Process Corner: multi_led/ctr/M_ctr_q_6 to multi_led/ctr/M_ctr_q_14
    Location             Delay type         Delay(ns)  Physical Resource
                                                       Logical Resource(s)
    -------------------------------------------------  -------------------
    SLICE_X2Y36.DQ       Tcko                  0.476   multi_led/ctr/M_ctr_q[6]
                                                       multi_led/ctr/M_ctr_q_6
    SLICE_X2Y38.C2       net (fanout=2)        0.721   multi_led/ctr/M_ctr_q[6]
    SLICE_X2Y38.COUT     Topcyc                0.325   multi_led/ctr/Mcount_M_ctr_q_cy[7]
                                                       multi_led/ctr/M_ctr_q[6]_rt
                                                       multi_led/ctr/Mcount_M_ctr_q_cy<7>
    SLICE_X2Y39.CIN      net (fanout=1)        0.003   multi_led/ctr/Mcount_M_ctr_q_cy[7]
    SLICE_X2Y39.COUT     Tbyp                  0.091   multi_led/ctr/Mcount_M_ctr_q_cy[11]
                                                       multi_led/ctr/Mcount_M_ctr_q_cy<11>
    SLICE_X2Y40.CIN      net (fanout=1)        0.082   multi_led/ctr/Mcount_M_ctr_q_cy[11]
    SLICE_X2Y40.CMUX     Tcinc                 0.289   multi_led/ctr/Mcount_M_ctr_q_cy[15]
                                                       multi_led/ctr/Mcount_M_ctr_q_cy<15>
    SLICE_X3Y40.D2       net (fanout=1)        0.757   multi_led/ctr/Result[14]
    SLICE_X3Y40.CLK      Tas                   0.373   multi_led/ctr/M_ctr_q[14]
                                                       multi_led/ctr/M_ctr_q_14_rstpot
                                                       multi_led/ctr/M_ctr_q_14
    -------------------------------------------------  ---------------------------
    Total                                      3.117ns (1.554ns logic, 1.563ns route)
                                                       (49.9% logic, 50.1% route)

--------------------------------------------------------------------------------
Slack:                  16.841ns (requirement - (data path - clock path skew + uncertainty))
  Source:               multi_led/ctr/M_ctr_q_4 (FF)
  Destination:          multi_led/ctr/M_ctr_q_12 (FF)
  Requirement:          20.000ns
  Data Path Delay:      3.100ns (Levels of Logic = 4)
  Clock Path Skew:      -0.024ns (0.328 - 0.352)
  Source Clock:         clk_BUFGP rising at 0.000ns
  Destination Clock:    clk_BUFGP rising at 20.000ns
  Clock Uncertainty:    0.035ns

  Clock Uncertainty:          0.035ns  ((TSJ^2 + TIJ^2)^1/2 + DJ) / 2 + PE
    Total System Jitter (TSJ):  0.070ns
    Total Input Jitter (TIJ):   0.000ns
    Discrete Jitter (DJ):       0.000ns
    Phase Error (PE):           0.000ns

  Maximum Data Path at Slow Process Corner: multi_led/ctr/M_ctr_q_4 to multi_led/ctr/M_ctr_q_12
    Location             Delay type         Delay(ns)  Physical Resource
                                                       Logical Resource(s)
    -------------------------------------------------  -------------------
    SLICE_X2Y36.BQ       Tcko                  0.476   multi_led/ctr/M_ctr_q[6]
                                                       multi_led/ctr/M_ctr_q_4
    SLICE_X2Y38.A2       net (fanout=2)        0.723   multi_led/ctr/M_ctr_q[4]
    SLICE_X2Y38.COUT     Topcya                0.472   multi_led/ctr/Mcount_M_ctr_q_cy[7]
                                                       multi_led/ctr/M_ctr_q[4]_rt
                                                       multi_led/ctr/Mcount_M_ctr_q_cy<7>
    SLICE_X2Y39.CIN      net (fanout=1)        0.003   multi_led/ctr/Mcount_M_ctr_q_cy[7]
    SLICE_X2Y39.COUT     Tbyp                  0.091   multi_led/ctr/Mcount_M_ctr_q_cy[11]
                                                       multi_led/ctr/Mcount_M_ctr_q_cy<11>
    SLICE_X2Y40.CIN      net (fanout=1)        0.082   multi_led/ctr/Mcount_M_ctr_q_cy[11]
    SLICE_X2Y40.AMUX     Tcina                 0.210   multi_led/ctr/Mcount_M_ctr_q_cy[15]
                                                       multi_led/ctr/Mcount_M_ctr_q_cy<15>
    SLICE_X3Y40.B6       net (fanout=1)        0.670   multi_led/ctr/Result[12]
    SLICE_X3Y40.CLK      Tas                   0.373   multi_led/ctr/M_ctr_q[14]
                                                       multi_led/ctr/M_ctr_q_12_rstpot
                                                       multi_led/ctr/M_ctr_q_12
    -------------------------------------------------  ---------------------------
    Total                                      3.100ns (1.622ns logic, 1.478ns route)
                                                       (52.3% logic, 47.7% route)

--------------------------------------------------------------------------------
Slack:                  16.854ns (requirement - (data path - clock path skew + uncertainty))
  Source:               multi_led/ctr/M_ctr_q_4 (FF)
  Destination:          multi_led/ctr/M_ctr_q_10 (FF)
  Requirement:          20.000ns
  Data Path Delay:      3.093ns (Levels of Logic = 3)
  Clock Path Skew:      -0.018ns (0.184 - 0.202)
  Source Clock:         clk_BUFGP rising at 0.000ns
  Destination Clock:    clk_BUFGP rising at 20.000ns
  Clock Uncertainty:    0.035ns

  Clock Uncertainty:          0.035ns  ((TSJ^2 + TIJ^2)^1/2 + DJ) / 2 + PE
    Total System Jitter (TSJ):  0.070ns
    Total Input Jitter (TIJ):   0.000ns
    Discrete Jitter (DJ):       0.000ns
    Phase Error (PE):           0.000ns

  Maximum Data Path at Slow Process Corner: multi_led/ctr/M_ctr_q_4 to multi_led/ctr/M_ctr_q_10
    Location             Delay type         Delay(ns)  Physical Resource
                                                       Logical Resource(s)
    -------------------------------------------------  -------------------
    SLICE_X2Y36.BQ       Tcko                  0.476   multi_led/ctr/M_ctr_q[6]
                                                       multi_led/ctr/M_ctr_q_4
    SLICE_X2Y38.A2       net (fanout=2)        0.723   multi_led/ctr/M_ctr_q[4]
    SLICE_X2Y38.COUT     Topcya                0.472   multi_led/ctr/Mcount_M_ctr_q_cy[7]
                                                       multi_led/ctr/M_ctr_q[4]_rt
                                                       multi_led/ctr/Mcount_M_ctr_q_cy<7>
    SLICE_X2Y39.CIN      net (fanout=1)        0.003   multi_led/ctr/Mcount_M_ctr_q_cy[7]
    SLICE_X2Y39.CMUX     Tcinc                 0.289   multi_led/ctr/Mcount_M_ctr_q_cy[11]
                                                       multi_led/ctr/Mcount_M_ctr_q_cy<11>
    SLICE_X3Y39.D2       net (fanout=1)        0.757   multi_led/ctr/Result[10]
    SLICE_X3Y39.CLK      Tas                   0.373   multi_led/ctr/M_ctr_q[10]
                                                       multi_led/ctr/M_ctr_q_10_rstpot
                                                       multi_led/ctr/M_ctr_q_10
    -------------------------------------------------  ---------------------------
    Total                                      3.093ns (1.610ns logic, 1.483ns route)
                                                       (52.1% logic, 47.9% route)

--------------------------------------------------------------------------------
Slack:                  16.865ns (requirement - (data path - clock path skew + uncertainty))
  Source:               multi_led/ctr/M_ctr_q_1 (FF)
  Destination:          multi_led/ctr/M_ctr_q_13 (FF)
  Requirement:          20.000ns
  Data Path Delay:      3.079ns (Levels of Logic = 5)
  Clock Path Skew:      -0.021ns (0.328 - 0.349)
  Source Clock:         clk_BUFGP rising at 0.000ns
  Destination Clock:    clk_BUFGP rising at 20.000ns
  Clock Uncertainty:    0.035ns

  Clock Uncertainty:          0.035ns  ((TSJ^2 + TIJ^2)^1/2 + DJ) / 2 + PE
    Total System Jitter (TSJ):  0.070ns
    Total Input Jitter (TIJ):   0.000ns
    Discrete Jitter (DJ):       0.000ns
    Phase Error (PE):           0.000ns

  Maximum Data Path at Slow Process Corner: multi_led/ctr/M_ctr_q_1 to multi_led/ctr/M_ctr_q_13
    Location             Delay type         Delay(ns)  Physical Resource
                                                       Logical Resource(s)
    -------------------------------------------------  -------------------
    SLICE_X3Y37.BQ       Tcko                  0.430   multi_led/ctr/M_ctr_q[2]
                                                       multi_led/ctr/M_ctr_q_1
    SLICE_X2Y37.B1       net (fanout=2)        0.737   multi_led/ctr/M_ctr_q[1]
    SLICE_X2Y37.COUT     Topcyb                0.448   multi_led/ctr/Mcount_M_ctr_q_cy[3]
                                                       multi_led/ctr/M_ctr_q[1]_rt
                                                       multi_led/ctr/Mcount_M_ctr_q_cy<3>
    SLICE_X2Y38.CIN      net (fanout=1)        0.003   multi_led/ctr/Mcount_M_ctr_q_cy[3]
    SLICE_X2Y38.COUT     Tbyp                  0.091   multi_led/ctr/Mcount_M_ctr_q_cy[7]
                                                       multi_led/ctr/Mcount_M_ctr_q_cy<7>
    SLICE_X2Y39.CIN      net (fanout=1)        0.003   multi_led/ctr/Mcount_M_ctr_q_cy[7]
    SLICE_X2Y39.COUT     Tbyp                  0.091   multi_led/ctr/Mcount_M_ctr_q_cy[11]
                                                       multi_led/ctr/Mcount_M_ctr_q_cy<11>
    SLICE_X2Y40.CIN      net (fanout=1)        0.082   multi_led/ctr/Mcount_M_ctr_q_cy[11]
    SLICE_X2Y40.BMUX     Tcinb                 0.277   multi_led/ctr/Mcount_M_ctr_q_cy[15]
                                                       multi_led/ctr/Mcount_M_ctr_q_cy<15>
    SLICE_X3Y40.C1       net (fanout=1)        0.544   multi_led/ctr/Result[13]
    SLICE_X3Y40.CLK      Tas                   0.373   multi_led/ctr/M_ctr_q[14]
                                                       multi_led/ctr/M_ctr_q_13_rstpot
                                                       multi_led/ctr/M_ctr_q_13
    -------------------------------------------------  ---------------------------
    Total                                      3.079ns (1.710ns logic, 1.369ns route)
                                                       (55.5% logic, 44.5% route)

--------------------------------------------------------------------------------

Component Switching Limit Checks: TS_clk = PERIOD TIMEGRP "clk" 50 MHz HIGH 50%;
--------------------------------------------------------------------------------
Slack: 17.334ns (period - min period limit)
  Period: 20.000ns
  Min period limit: 2.666ns (375.094MHz) (Tbcper_I)
  Physical resource: clk_BUFGP/BUFG/I0
  Logical resource: clk_BUFGP/BUFG/I0
  Location pin: BUFGMUX_X2Y11.I0
  Clock network: clk_BUFGP/IBUFG
--------------------------------------------------------------------------------
Slack: 18.134ns (period - min period limit)
  Period: 20.000ns
  Min period limit: 1.866ns (535.906MHz) (Tickper)
  Physical resource: io_button_4_IBUF/CLK0
  Logical resource: multi_led/M_sym_q_1/CLK0
  Location pin: ILOGIC_X2Y61.CLK0
  Clock network: clk_BUFGP
--------------------------------------------------------------------------------
Slack: 18.134ns (period - (min high pulse limit / (high pulse / period)))
  Period: 20.000ns
  High pulse: 10.000ns
  High pulse limit: 0.933ns (Tispwh)
  Physical resource: io_button_4_IBUF/SR
  Logical resource: multi_led/M_sym_q_1/SR
  Location pin: ILOGIC_X2Y61.SR
  Clock network: multi_led/_n0033
--------------------------------------------------------------------------------
Slack: 19.525ns (period - min period limit)
  Period: 20.000ns
  Min period limit: 0.475ns (2105.263MHz) (Tcp)
  Physical resource: multi_led/ctr/M_ctr_q[6]/CLK
  Logical resource: multi_led/ctr/M_ctr_q_3/CK
  Location pin: SLICE_X2Y36.CLK
  Clock network: clk_BUFGP
--------------------------------------------------------------------------------
Slack: 19.525ns (period - min period limit)
  Period: 20.000ns
  Min period limit: 0.475ns (2105.263MHz) (Tcp)
  Physical resource: multi_led/ctr/M_ctr_q[6]/CLK
  Logical resource: multi_led/ctr/M_ctr_q_4/CK
  Location pin: SLICE_X2Y36.CLK
  Clock network: clk_BUFGP
--------------------------------------------------------------------------------
Slack: 19.525ns (period - min period limit)
  Period: 20.000ns
  Min period limit: 0.475ns (2105.263MHz) (Tcp)
  Physical resource: multi_led/ctr/M_ctr_q[6]/CLK
  Logical resource: multi_led/ctr/M_ctr_q_5/CK
  Location pin: SLICE_X2Y36.CLK
  Clock network: clk_BUFGP
--------------------------------------------------------------------------------
Slack: 19.525ns (period - min period limit)
  Period: 20.000ns
  Min period limit: 0.475ns (2105.263MHz) (Tcp)
  Physical resource: multi_led/ctr/M_ctr_q[6]/CLK
  Logical resource: multi_led/ctr/M_ctr_q_6/CK
  Location pin: SLICE_X2Y36.CLK
  Clock network: clk_BUFGP
--------------------------------------------------------------------------------
Slack: 19.525ns (period - min period limit)
  Period: 20.000ns
  Min period limit: 0.475ns (2105.263MHz) (Tcp)
  Physical resource: multi_led/M_sym_q[0]/CLK
  Logical resource: multi_led/M_sym_q_0/CK
  Location pin: SLICE_X2Y61.CLK
  Clock network: clk_BUFGP
--------------------------------------------------------------------------------
Slack: 19.525ns (period - min period limit)
  Period: 20.000ns
  Min period limit: 0.475ns (2105.263MHz) (Tcp)
  Physical resource: M_reset_cond_out/CLK
  Logical resource: reset_cond/M_stage_q_3/CK
  Location pin: SLICE_X6Y26.CLK
  Clock network: clk_BUFGP
--------------------------------------------------------------------------------
Slack: 19.530ns (period - min period limit)
  Period: 20.000ns
  Min period limit: 0.470ns (2127.660MHz) (Tcp)
  Physical resource: multi_led/ctr/M_ctr_q[2]/CLK
  Logical resource: multi_led/ctr/M_ctr_q_0/CK
  Location pin: SLICE_X3Y37.CLK
  Clock network: clk_BUFGP
--------------------------------------------------------------------------------
Slack: 19.530ns (period - min period limit)
  Period: 20.000ns
  Min period limit: 0.470ns (2127.660MHz) (Tcp)
  Physical resource: multi_led/ctr/M_ctr_q[2]/CLK
  Logical resource: multi_led/ctr/M_ctr_q_1/CK
  Location pin: SLICE_X3Y37.CLK
  Clock network: clk_BUFGP
--------------------------------------------------------------------------------
Slack: 19.530ns (period - min period limit)
  Period: 20.000ns
  Min period limit: 0.470ns (2127.660MHz) (Tcp)
  Physical resource: multi_led/ctr/M_ctr_q[2]/CLK
  Logical resource: multi_led/ctr/M_ctr_q_2/CK
  Location pin: SLICE_X3Y37.CLK
  Clock network: clk_BUFGP
--------------------------------------------------------------------------------
Slack: 19.530ns (period - min period limit)
  Period: 20.000ns
  Min period limit: 0.470ns (2127.660MHz) (Tcp)
  Physical resource: multi_led/ctr/M_ctr_q[15]/CLK
  Logical resource: multi_led/ctr/M_ctr_q_16/CK
  Location pin: SLICE_X3Y38.CLK
  Clock network: clk_BUFGP
--------------------------------------------------------------------------------
Slack: 19.530ns (period - min period limit)
  Period: 20.000ns
  Min period limit: 0.470ns (2127.660MHz) (Tcp)
  Physical resource: multi_led/ctr/M_ctr_q[15]/CLK
  Logical resource: multi_led/ctr/M_ctr_q_17/CK
  Location pin: SLICE_X3Y38.CLK
  Clock network: clk_BUFGP
--------------------------------------------------------------------------------
Slack: 19.530ns (period - min period limit)
  Period: 20.000ns
  Min period limit: 0.470ns (2127.660MHz) (Tcp)
  Physical resource: multi_led/ctr/M_ctr_q[15]/CLK
  Logical resource: multi_led/ctr/M_ctr_q_15/CK
  Location pin: SLICE_X3Y38.CLK
  Clock network: clk_BUFGP
--------------------------------------------------------------------------------
Slack: 19.530ns (period - min period limit)
  Period: 20.000ns
  Min period limit: 0.470ns (2127.660MHz) (Tcp)
  Physical resource: multi_led/ctr/M_ctr_q[10]/CLK
  Logical resource: multi_led/ctr/M_ctr_q_7/CK
  Location pin: SLICE_X3Y39.CLK
  Clock network: clk_BUFGP
--------------------------------------------------------------------------------
Slack: 19.530ns (period - min period limit)
  Period: 20.000ns
  Min period limit: 0.470ns (2127.660MHz) (Tcp)
  Physical resource: multi_led/ctr/M_ctr_q[10]/CLK
  Logical resource: multi_led/ctr/M_ctr_q_8/CK
  Location pin: SLICE_X3Y39.CLK
  Clock network: clk_BUFGP
--------------------------------------------------------------------------------
Slack: 19.530ns (period - min period limit)
  Period: 20.000ns
  Min period limit: 0.470ns (2127.660MHz) (Tcp)
  Physical resource: multi_led/ctr/M_ctr_q[10]/CLK
  Logical resource: multi_led/ctr/M_ctr_q_9/CK
  Location pin: SLICE_X3Y39.CLK
  Clock network: clk_BUFGP
--------------------------------------------------------------------------------
Slack: 19.530ns (period - min period limit)
  Period: 20.000ns
  Min period limit: 0.470ns (2127.660MHz) (Tcp)
  Physical resource: multi_led/ctr/M_ctr_q[10]/CLK
  Logical resource: multi_led/ctr/M_ctr_q_10/CK
  Location pin: SLICE_X3Y39.CLK
  Clock network: clk_BUFGP
--------------------------------------------------------------------------------
Slack: 19.530ns (period - min period limit)
  Period: 20.000ns
  Min period limit: 0.470ns (2127.660MHz) (Tcp)
  Physical resource: multi_led/ctr/M_ctr_q[14]/CLK
  Logical resource: multi_led/ctr/M_ctr_q_11/CK
  Location pin: SLICE_X3Y40.CLK
  Clock network: clk_BUFGP
--------------------------------------------------------------------------------
Slack: 19.530ns (period - min period limit)
  Period: 20.000ns
  Min period limit: 0.470ns (2127.660MHz) (Tcp)
  Physical resource: multi_led/ctr/M_ctr_q[14]/CLK
  Logical resource: multi_led/ctr/M_ctr_q_12/CK
  Location pin: SLICE_X3Y40.CLK
  Clock network: clk_BUFGP
--------------------------------------------------------------------------------
Slack: 19.530ns (period - min period limit)
  Period: 20.000ns
  Min period limit: 0.470ns (2127.660MHz) (Tcp)
  Physical resource: multi_led/ctr/M_ctr_q[14]/CLK
  Logical resource: multi_led/ctr/M_ctr_q_13/CK
  Location pin: SLICE_X3Y40.CLK
  Clock network: clk_BUFGP
--------------------------------------------------------------------------------
Slack: 19.530ns (period - min period limit)
  Period: 20.000ns
  Min period limit: 0.470ns (2127.660MHz) (Tcp)
  Physical resource: multi_led/ctr/M_ctr_q[14]/CLK
  Logical resource: multi_led/ctr/M_ctr_q_14/CK
  Location pin: SLICE_X3Y40.CLK
  Clock network: clk_BUFGP
--------------------------------------------------------------------------------
Slack: 19.530ns (period - min period limit)
  Period: 20.000ns
  Min period limit: 0.470ns (2127.660MHz) (Tcp)
  Physical resource: reset_cond/M_stage_q[2]/CLK
  Logical resource: reset_cond/M_stage_q_0/CK
  Location pin: SLICE_X7Y26.CLK
  Clock network: clk_BUFGP
--------------------------------------------------------------------------------
Slack: 19.530ns (period - min period limit)
  Period: 20.000ns
  Min period limit: 0.470ns (2127.660MHz) (Tcp)
  Physical resource: reset_cond/M_stage_q[2]/CLK
  Logical resource: reset_cond/M_stage_q_1/CK
  Location pin: SLICE_X7Y26.CLK
  Clock network: clk_BUFGP
--------------------------------------------------------------------------------
Slack: 19.530ns (period - min period limit)
  Period: 20.000ns
  Min period limit: 0.470ns (2127.660MHz) (Tcp)
  Physical resource: reset_cond/M_stage_q[2]/CLK
  Logical resource: reset_cond/M_stage_q_2/CK
  Location pin: SLICE_X7Y26.CLK
  Clock network: clk_BUFGP
--------------------------------------------------------------------------------


All constraints were met.


Data Sheet report:
-----------------
All values displayed in nanoseconds (ns)

Clock to Setup on destination clock clk
---------------+---------+---------+---------+---------+
               | Src:Rise| Src:Fall| Src:Rise| Src:Fall|
Source Clock   |Dest:Rise|Dest:Rise|Dest:Fall|Dest:Fall|
---------------+---------+---------+---------+---------+
clk            |    3.600|         |         |         |
---------------+---------+---------+---------+---------+


Timing summary:
---------------

Timing errors: 0  Score: 0  (Setup/Max: 0, Hold: 0)

Constraints cover 516 paths, 0 nets, and 141 connections

Design statistics:
   Minimum period:   3.600ns{1}   (Maximum frequency: 277.778MHz)


------------------------------------Footnotes-----------------------------------
1)  The minimum period statistic assumes all single cycle delays.

Analysis completed Wed Oct 19 03:27:00 2016 
--------------------------------------------------------------------------------

Trace Settings:
-------------------------
Trace Settings 

Peak Memory Usage: 216 MB



